[1 - 7f6671aa3700] {2}{legion_prof}: Prof Meta Desc 0 Scheduler
[1 - 7f6671aa3700] {2}{legion_prof}: Prof Meta Desc 1 Post-Task Execution
[1 - 7f6671aa3700] {2}{legion_prof}: Prof Meta Desc 2 Deferred Mapping Trigger
[1 - 7f6671aa3700] {2}{legion_prof}: Prof Meta Desc 3 Deferred Resolution Trigger
[1 - 7f6671aa3700] {2}{legion_prof}: Prof Meta Desc 4 Deferred Execution Trigger
[1 - 7f6671aa3700] {2}{legion_prof}: Prof Meta Desc 5 Deferred Post Mapped
[1 - 7f6671aa3700] {2}{legion_prof}: Prof Meta Desc 6 Deferred Execute
[1 - 7f6671aa3700] {2}{legion_prof}: Prof Meta Desc 7 Deferred Complete
[1 - 7f6671aa3700] {2}{legion_prof}: Prof Meta Desc 8 Deferred Commit
[1 - 7f6671aa3700] {2}{legion_prof}: Prof Meta Desc 9 Reclaim Local Field
[1 - 7f6671aa3700] {2}{legion_prof}: Prof Meta Desc 10 Garbage Collection
[1 - 7f6671aa3700] {2}{legion_prof}: Prof Meta Desc 11 Logical Dependence Analysis
[1 - 7f6671aa3700] {2}{legion_prof}: Prof Meta Desc 12 Operation Physical Dependence Analysis
[1 - 7f6671aa3700] {2}{legion_prof}: Prof Meta Desc 13 Task Physical Dependence Analysis
[1 - 7f6671aa3700] {2}{legion_prof}: Prof Meta Desc 14 Deferred Recycle
[1 - 7f6671aa3700] {2}{legion_prof}: Prof Meta Desc 15 Deferred Slice
[1 - 7f6671aa3700] {2}{legion_prof}: Prof Meta Desc 16 Must Individual Task Dependence Analysis
[1 - 7f6671aa3700] {2}{legion_prof}: Prof Meta Desc 17 Must Index Task Dependence Analysis
[1 - 7f6671aa3700] {2}{legion_prof}: Prof Meta Desc 18 Must Task Physical Dependence Analysis
[1 - 7f6671aa3700] {2}{legion_prof}: Prof Meta Desc 19 Must Task Distribution
[1 - 7f6671aa3700] {2}{legion_prof}: Prof Meta Desc 20 Must Task Launch
[1 - 7f6671aa3700] {2}{legion_prof}: Prof Meta Desc 21 Deferred Future Set
[1 - 7f6671aa3700] {2}{legion_prof}: Prof Meta Desc 22 Deferred Future Map Set
[1 - 7f6671aa3700] {2}{legion_prof}: Prof Meta Desc 23 Resolve Future Predicate
[1 - 7f6671aa3700] {2}{legion_prof}: Prof Meta Desc 24 Update MPI Rank Info
[1 - 7f6671aa3700] {2}{legion_prof}: Prof Meta Desc 25 Contribute Collective
[1 - 7f6671aa3700] {2}{legion_prof}: Prof Meta Desc 26 State Analaysis
[1 - 7f6671aa3700] {2}{legion_prof}: Prof Meta Desc 27 Mapper Task
[1 - 7f6671aa3700] {2}{legion_prof}: Prof Meta Desc 28 Disjointness Test
[1 - 7f6671aa3700] {2}{legion_prof}: Prof Meta Desc 29 Partition Independence Test
[1 - 7f6671aa3700] {2}{legion_prof}: Prof Meta Desc 30 Index Space Independence Test
[1 - 7f6671aa3700] {2}{legion_prof}: Prof Meta Desc 31 Remove Pending Child
[1 - 7f6671aa3700] {2}{legion_prof}: Prof Meta Desc 32 Decrement Pending Task
[1 - 7f6671aa3700] {2}{legion_prof}: Prof Meta Desc 33 Send Version State
[1 - 7f6671aa3700] {2}{legion_prof}: Prof Meta Desc 34 Add to Dependence Queue
[1 - 7f6671aa3700] {2}{legion_prof}: Prof Meta Desc 35 Window Wait
[1 - 7f6671aa3700] {2}{legion_prof}: Prof Meta Desc 36 Issue Frame
[1 - 7f6671aa3700] {2}{legion_prof}: Prof Meta Desc 37 Legion Continuation
[1 - 7f6671aa3700] {2}{legion_prof}: Prof Meta Desc 38 Task Impl Semantic Request
[1 - 7f6671aa3700] {2}{legion_prof}: Prof Meta Desc 39 Index Space Semantic Request
[1 - 7f6671aa3700] {2}{legion_prof}: Prof Meta Desc 40 Index Partition Semantic Request
[1 - 7f6671aa3700] {2}{legion_prof}: Prof Meta Desc 41 Field Space Semantic Request
[1 - 7f6671aa3700] {2}{legion_prof}: Prof Meta Desc 42 Field Semantic Request
[1 - 7f6671aa3700] {2}{legion_prof}: Prof Meta Desc 43 Region Semantic Request
[1 - 7f6671aa3700] {2}{legion_prof}: Prof Meta Desc 44 Partition Semantic Request
[1 - 7f6671aa3700] {2}{legion_prof}: Prof Meta Desc 45 Remote Message
[1 - 7f6671aa3700] {2}{legion_prof}: Prof Meta Desc 46 Shutdown Attempt
[1 - 7f6671aa3700] {2}{legion_prof}: Prof Meta Desc 47 Shutdown Notification
[1 - 7f6671aa3700] {2}{legion_prof}: Prof Meta Desc 48 Shutdown Response
[1 - 7f6671aa3700] {2}{legion_prof}: Prof Op Desc 0 Mapping
[1 - 7f6671aa3700] {2}{legion_prof}: Prof Op Desc 1 Copy
[1 - 7f6671aa3700] {2}{legion_prof}: Prof Op Desc 2 Fence
[1 - 7f6671aa3700] {2}{legion_prof}: Prof Op Desc 3 Frame
[1 - 7f6671aa3700] {2}{legion_prof}: Prof Op Desc 4 Deletion
[1 - 7f6671aa3700] {2}{legion_prof}: Prof Op Desc 5 Inter Close
[1 - 7f6671aa3700] {2}{legion_prof}: Prof Op Desc 6 Read Close
[1 - 7f6671aa3700] {2}{legion_prof}: Prof Op Desc 7 Post Close
[1 - 7f6671aa3700] {2}{legion_prof}: Prof Op Desc 8 Virtual Close
[1 - 7f6671aa3700] {2}{legion_prof}: Prof Op Desc 9 Acquire
[1 - 7f6671aa3700] {2}{legion_prof}: Prof Op Desc 10 Release
[1 - 7f6671aa3700] {2}{legion_prof}: Prof Op Desc 11 Dynamic Collective
[1 - 7f6671aa3700] {2}{legion_prof}: Prof Op Desc 12 Future Predicate
[1 - 7f6671aa3700] {2}{legion_prof}: Prof Op Desc 13 Not Predicate
[1 - 7f6671aa3700] {2}{legion_prof}: Prof Op Desc 14 And Predicate
[1 - 7f6671aa3700] {2}{legion_prof}: Prof Op Desc 15 Or Predicate
[1 - 7f6671aa3700] {2}{legion_prof}: Prof Op Desc 16 Must Epoch
[1 - 7f6671aa3700] {2}{legion_prof}: Prof Op Desc 17 Pending Partition
[1 - 7f6671aa3700] {2}{legion_prof}: Prof Op Desc 18 Dependent Partition
[1 - 7f6671aa3700] {2}{legion_prof}: Prof Op Desc 19 Fill
[1 - 7f6671aa3700] {2}{legion_prof}: Prof Op Desc 20 Attach
[1 - 7f6671aa3700] {2}{legion_prof}: Prof Op Desc 21 Detach
[1 - 7f6671aa3700] {2}{legion_prof}: Prof Op Desc 22 Timing
[1 - 7f6671aa3700] {2}{legion_prof}: Prof Op Desc 23 Trace Capture
[1 - 7f6671aa3700] {2}{legion_prof}: Prof Op Desc 24 Trace Complete
[1 - 7f6671aa3700] {2}{legion_prof}: Prof Op Desc 25 Task
[1 - 7f6671aa3700] {2}{legion_prof}: Prof Proc Desc 8000000000000000 3
[1 - 7f6671aa3700] {2}{legion_prof}: Prof Proc Desc 8000000000000001 2
[1 - 7f6671aa3700] {2}{legion_prof}: Prof Proc Desc 8000000000000002 2
[1 - 7f6671aa3700] {2}{legion_prof}: Prof Proc Desc 8000000000000003 2
[1 - 7f6671aa3700] {2}{legion_prof}: Prof Proc Desc 8000000000000004 2
[1 - 7f6671aa3700] {2}{legion_prof}: Prof Proc Desc 8000000000000005 2
[1 - 7f6671aa3700] {2}{legion_prof}: Prof Proc Desc 8000000000000006 2
[1 - 7f6671aa3700] {2}{legion_prof}: Prof Proc Desc 8000000000000007 2
[1 - 7f6671aa3700] {2}{legion_prof}: Prof Proc Desc 8000000000000008 2
[1 - 7f6671aa3700] {2}{legion_prof}: Prof Proc Desc 8000000000000009 2
[1 - 7f6671aa3700] {2}{legion_prof}: Prof Proc Desc 800000000000000a 2
[1 - 7f6671aa3700] {2}{legion_prof}: Prof Proc Desc 8000100000000000 3
[1 - 7f6671aa3700] {2}{legion_prof}: Prof Proc Desc 8000100000000001 2
[1 - 7f6671aa3700] {2}{legion_prof}: Prof Proc Desc 8000100000000002 2
[1 - 7f6671aa3700] {2}{legion_prof}: Prof Proc Desc 8000100000000003 2
[1 - 7f6671aa3700] {2}{legion_prof}: Prof Proc Desc 8000100000000004 2
[1 - 7f6671aa3700] {2}{legion_prof}: Prof Proc Desc 8000100000000005 2
[1 - 7f6671aa3700] {2}{legion_prof}: Prof Proc Desc 8000100000000006 2
[1 - 7f6671aa3700] {2}{legion_prof}: Prof Proc Desc 8000100000000007 2
[1 - 7f6671aa3700] {2}{legion_prof}: Prof Proc Desc 8000100000000008 2
[1 - 7f6671aa3700] {2}{legion_prof}: Prof Proc Desc 8000100000000009 2
[1 - 7f6671aa3700] {2}{legion_prof}: Prof Proc Desc 800010000000000a 2
[1 - 7f6671aa3700] {2}{legion_prof}: Prof Mem Desc 6000000000000000 1 33554432000
[1 - 7f6671aa3700] {2}{legion_prof}: Prof Mem Desc 6000000100000000 8 0
[1 - 7f6671aa3700] {2}{legion_prof}: Prof Mem Desc 60000fff00000000 0 536870912
[1 - 7f6671aa3700] {2}{legion_prof}: Prof Mem Desc 6000100000000000 1 33554432000
[1 - 7f6671aa3700] {2}{legion_prof}: Prof Mem Desc 6000100100000000 8 0
[0 - 7fcf4e6b4700] {2}{legion_prof}: Prof Meta Desc 0 Scheduler
[0 - 7fcf4e6b4700] {2}{legion_prof}: Prof Meta Desc 1 Post-Task Execution
[0 - 7fcf4e6b4700] {2}{legion_prof}: Prof Meta Desc 2 Deferred Mapping Trigger
[0 - 7fcf4e6b4700] {2}{legion_prof}: Prof Meta Desc 3 Deferred Resolution Trigger
[0 - 7fcf4e6b4700] {2}{legion_prof}: Prof Meta Desc 4 Deferred Execution Trigger
[0 - 7fcf4e6b4700] {2}{legion_prof}: Prof Meta Desc 5 Deferred Post Mapped
[0 - 7fcf4e6b4700] {2}{legion_prof}: Prof Meta Desc 6 Deferred Execute
[0 - 7fcf4e6b4700] {2}{legion_prof}: Prof Meta Desc 7 Deferred Complete
[0 - 7fcf4e6b4700] {2}{legion_prof}: Prof Meta Desc 8 Deferred Commit
[0 - 7fcf4e6b4700] {2}{legion_prof}: Prof Meta Desc 9 Reclaim Local Field
[0 - 7fcf4e6b4700] {2}{legion_prof}: Prof Meta Desc 10 Garbage Collection
[0 - 7fcf4e6b4700] {2}{legion_prof}: Prof Meta Desc 11 Logical Dependence Analysis
[0 - 7fcf4e6b4700] {2}{legion_prof}: Prof Meta Desc 12 Operation Physical Dependence Analysis
[0 - 7fcf4e6b4700] {2}{legion_prof}: Prof Meta Desc 13 Task Physical Dependence Analysis
[0 - 7fcf4e6b4700] {2}{legion_prof}: Prof Meta Desc 14 Deferred Recycle
[0 - 7fcf4e6b4700] {2}{legion_prof}: Prof Meta Desc 15 Deferred Slice
[0 - 7fcf4e6b4700] {2}{legion_prof}: Prof Meta Desc 16 Must Individual Task Dependence Analysis
[0 - 7fcf4e6b4700] {2}{legion_prof}: Prof Meta Desc 17 Must Index Task Dependence Analysis
[0 - 7fcf4e6b4700] {2}{legion_prof}: Prof Meta Desc 18 Must Task Physical Dependence Analysis
[0 - 7fcf4e6b4700] {2}{legion_prof}: Prof Meta Desc 19 Must Task Distribution
[0 - 7fcf4e6b4700] {2}{legion_prof}: Prof Meta Desc 20 Must Task Launch
[0 - 7fcf4e6b4700] {2}{legion_prof}: Prof Meta Desc 21 Deferred Future Set
[0 - 7fcf4e6b4700] {2}{legion_prof}: Prof Meta Desc 22 Deferred Future Map Set
[0 - 7fcf4e6b4700] {2}{legion_prof}: Prof Meta Desc 23 Resolve Future Predicate
[0 - 7fcf4e6b4700] {2}{legion_prof}: Prof Meta Desc 24 Update MPI Rank Info
[0 - 7fcf4e6b4700] {2}{legion_prof}: Prof Meta Desc 25 Contribute Collective
[0 - 7fcf4e6b4700] {2}{legion_prof}: Prof Meta Desc 26 State Analaysis
[0 - 7fcf4e6b4700] {2}{legion_prof}: Prof Meta Desc 27 Mapper Task
[0 - 7fcf4e6b4700] {2}{legion_prof}: Prof Meta Desc 28 Disjointness Test
[0 - 7fcf4e6b4700] {2}{legion_prof}: Prof Meta Desc 29 Partition Independence Test
[0 - 7fcf4e6b4700] {2}{legion_prof}: Prof Meta Desc 30 Index Space Independence Test
[0 - 7fcf4e6b4700] {2}{legion_prof}: Prof Meta Desc 31 Remove Pending Child
[0 - 7fcf4e6b4700] {2}{legion_prof}: Prof Meta Desc 32 Decrement Pending Task
[0 - 7fcf4e6b4700] {2}{legion_prof}: Prof Meta Desc 33 Send Version State
[0 - 7fcf4e6b4700] {2}{legion_prof}: Prof Meta Desc 34 Add to Dependence Queue
[0 - 7fcf4e6b4700] {2}{legion_prof}: Prof Meta Desc 35 Window Wait
[0 - 7fcf4e6b4700] {2}{legion_prof}: Prof Meta Desc 36 Issue Frame
[0 - 7fcf4e6b4700] {2}{legion_prof}: Prof Meta Desc 37 Legion Continuation
[0 - 7fcf4e6b4700] {2}{legion_prof}: Prof Meta Desc 38 Task Impl Semantic Request
[0 - 7fcf4e6b4700] {2}{legion_prof}: Prof Meta Desc 39 Index Space Semantic Request
[0 - 7fcf4e6b4700] {2}{legion_prof}: Prof Meta Desc 40 Index Partition Semantic Request
[0 - 7fcf4e6b4700] {2}{legion_prof}: Prof Meta Desc 41 Field Space Semantic Request
[0 - 7fcf4e6b4700] {2}{legion_prof}: Prof Meta Desc 42 Field Semantic Request
[0 - 7fcf4e6b4700] {2}{legion_prof}: Prof Meta Desc 43 Region Semantic Request
[0 - 7fcf4e6b4700] {2}{legion_prof}: Prof Meta Desc 44 Partition Semantic Request
[0 - 7fcf4e6b4700] {2}{legion_prof}: Prof Meta Desc 45 Remote Message
[0 - 7fcf4e6b4700] {2}{legion_prof}: Prof Meta Desc 46 Shutdown Attempt
[0 - 7fcf4e6b4700] {2}{legion_prof}: Prof Meta Desc 47 Shutdown Notification
[0 - 7fcf4e6b4700] {2}{legion_prof}: Prof Meta Desc 48 Shutdown Response
[0 - 7fcf4e6b4700] {2}{legion_prof}: Prof Op Desc 0 Mapping
[0 - 7fcf4e6b4700] {2}{legion_prof}: Prof Op Desc 1 Copy
[0 - 7fcf4e6b4700] {2}{legion_prof}: Prof Op Desc 2 Fence
[0 - 7fcf4e6b4700] {2}{legion_prof}: Prof Op Desc 3 Frame
[0 - 7fcf4e6b4700] {2}{legion_prof}: Prof Op Desc 4 Deletion
[0 - 7fcf4e6b4700] {2}{legion_prof}: Prof Op Desc 5 Inter Close
[0 - 7fcf4e6b4700] {2}{legion_prof}: Prof Op Desc 6 Read Close
[0 - 7fcf4e6b4700] {2}{legion_prof}: Prof Op Desc 7 Post Close
[0 - 7fcf4e6b4700] {2}{legion_prof}: Prof Op Desc 8 Virtual Close
[0 - 7fcf4e6b4700] {2}{legion_prof}: Prof Op Desc 9 Acquire
[0 - 7fcf4e6b4700] {2}{legion_prof}: Prof Op Desc 10 Release
[0 - 7fcf4e6b4700] {2}{legion_prof}: Prof Op Desc 11 Dynamic Collective
[0 - 7fcf4e6b4700] {2}{legion_prof}: Prof Op Desc 12 Future Predicate
[0 - 7fcf4e6b4700] {2}{legion_prof}: Prof Op Desc 13 Not Predicate
[0 - 7fcf4e6b4700] {2}{legion_prof}: Prof Op Desc 14 And Predicate
[0 - 7fcf4e6b4700] {2}{legion_prof}: Prof Op Desc 15 Or Predicate
[0 - 7fcf4e6b4700] {2}{legion_prof}: Prof Op Desc 16 Must Epoch
[0 - 7fcf4e6b4700] {2}{legion_prof}: Prof Op Desc 17 Pending Partition
[0 - 7fcf4e6b4700] {2}{legion_prof}: Prof Op Desc 18 Dependent Partition
[0 - 7fcf4e6b4700] {2}{legion_prof}: Prof Op Desc 19 Fill
[0 - 7fcf4e6b4700] {2}{legion_prof}: Prof Op Desc 20 Attach
[0 - 7fcf4e6b4700] {2}{legion_prof}: Prof Op Desc 21 Detach
[0 - 7fcf4e6b4700] {2}{legion_prof}: Prof Op Desc 22 Timing
[0 - 7fcf4e6b4700] {2}{legion_prof}: Prof Op Desc 23 Trace Capture
[0 - 7fcf4e6b4700] {2}{legion_prof}: Prof Op Desc 24 Trace Complete
[0 - 7fcf4e6b4700] {2}{legion_prof}: Prof Op Desc 25 Task
[0 - 7fcf4e6b4700] {2}{legion_prof}: Prof Proc Desc 8000000000000000 3
[0 - 7fcf4e6b4700] {2}{legion_prof}: Prof Proc Desc 8000000000000001 2
[0 - 7fcf4e6b4700] {2}{legion_prof}: Prof Proc Desc 8000000000000002 2
[0 - 7fcf4e6b4700] {2}{legion_prof}: Prof Proc Desc 8000000000000003 2
[0 - 7fcf4e6b4700] {2}{legion_prof}: Prof Proc Desc 8000000000000004 2
[0 - 7fcf4e6b4700] {2}{legion_prof}: Prof Proc Desc 8000000000000005 2
[0 - 7fcf4e6b4700] {2}{legion_prof}: Prof Proc Desc 8000000000000006 2
[0 - 7fcf4e6b4700] {2}{legion_prof}: Prof Proc Desc 8000000000000007 2
[0 - 7fcf4e6b4700] {2}{legion_prof}: Prof Proc Desc 8000000000000008 2
[0 - 7fcf4e6b4700] {2}{legion_prof}: Prof Proc Desc 8000000000000009 2
[0 - 7fcf4e6b4700] {2}{legion_prof}: Prof Proc Desc 800000000000000a 2
[0 - 7fcf4e6b4700] {2}{legion_prof}: Prof Proc Desc 8000100000000000 3
[0 - 7fcf4e6b4700] {2}{legion_prof}: Prof Proc Desc 8000100000000001 2
[0 - 7fcf4e6b4700] {2}{legion_prof}: Prof Proc Desc 8000100000000002 2
[0 - 7fcf4e6b4700] {2}{legion_prof}: Prof Proc Desc 8000100000000003 2
[0 - 7fcf4e6b4700] {2}{legion_prof}: Prof Proc Desc 8000100000000004 2
[0 - 7fcf4e6b4700] {2}{legion_prof}: Prof Proc Desc 8000100000000005 2
[0 - 7fcf4e6b4700] {2}{legion_prof}: Prof Proc Desc 8000100000000006 2
[0 - 7fcf4e6b4700] {2}{legion_prof}: Prof Proc Desc 8000100000000007 2
[0 - 7fcf4e6b4700] {2}{legion_prof}: Prof Proc Desc 8000100000000008 2
[0 - 7fcf4e6b4700] {2}{legion_prof}: Prof Proc Desc 8000100000000009 2
[0 - 7fcf4e6b4700] {2}{legion_prof}: Prof Proc Desc 800010000000000a 2
[0 - 7fcf4e6b4700] {2}{legion_prof}: Prof Mem Desc 6000000000000000 1 33554432000
[0 - 7fcf4e6b4700] {2}{legion_prof}: Prof Mem Desc 6000000100000000 8 0
[0 - 7fcf4e6b4700] {2}{legion_prof}: Prof Mem Desc 60000fff00000000 0 536870912
[0 - 7fcf4e6b4700] {2}{legion_prof}: Prof Mem Desc 6000100000000000 1 33554432000
[0 - 7fcf4e6b4700] {2}{legion_prof}: Prof Mem Desc 6000100100000000 8 0
[0 - 7fcf4e6b8700] {2}{legion_prof}: Prof Task Info 10 13 8000000000000007 9618884 9622573 9658696 10196086
[0 - 7fcf4e6b8700] {2}{legion_prof}: Prof Task Info 12 13 8000000000000007 10689578 10693604 10729035 13252873
[0 - 7fcf4e6b8700] {2}{legion_prof}: Prof Task Info 16 13 800000000000000a 12145334 12147917 12200627 14831628
[0 - 7fcf4e6b8700] {2}{legion_prof}: Prof Task Info 18 13 8000000000000002 13043260 13045938 13063507 15637419
[0 - 7fcf4e6b8700] {2}{legion_prof}: Prof Task Info 26 13 8000000000000002 15622460 15625625 15654516 16122045
[0 - 7fcf4e6b8700] {2}{legion_prof}: Prof Task Info 28 13 8000000000000002 16319705 16321999 16334757 16769911
[0 - 7fcf4e6b8700] {2}{legion_prof}: Prof Task Info 22 13 8000000000000007 14208436 14210975 14247247 16826347
[0 - 7fcf4e6b8700] {2}{legion_prof}: Prof Task Info 30 13 800000000000000a 17277002 17279565 17374682 17834745
[0 - 7fcf4e6b8700] {2}{legion_prof}: Prof Task Info 34 13 8000000000000005 19544849 19547308 19584396 20027872
[0 - 7fcf4e6b8700] {2}{legion_prof}: Prof Task Info 32 13 8000000000000006 18351654 18354132 18408090 20986918
[0 - 7fcf4e6b8700] {2}{legion_prof}: Prof Task Info 36 13 8000000000000003 20197858 20200347 20239333 22767448
[0 - 7fcf4e6b8700] {2}{legion_prof}: Prof Task Info 46 13 8000000000000009 22654900 22657197 22709193 23179450
[0 - 7fcf4e6b8700] {2}{legion_prof}: Prof Task Info 40 13 8000000000000003 21720895 21723254 22781014 23628570
[0 - 7fcf4e6b8700] {2}{legion_prof}: Prof Task Info 50 13 8000000000000005 24333981 24336477 24377620 24822019
[0 - 7fcf4e6b8700] {2}{legion_prof}: Prof Task Info 52 13 800000000000000a 25053786 25056068 25100104 27655296
[0 - 7fcf4e6b8700] {2}{legion_prof}: Prof Task Info 56 13 8000000000000007 27655940 27659395 27699867 28154807
[0 - 7fcf4e6b8700] {2}{legion_prof}: Prof Task Info 98 11 8000000000000001 33022034 33024761 33035921 84153968
[0 - 7fcf4e6b8700] {2}{legion_prof}: Prof Task Info 92 11 8000000000000003 32078327 35650484 35670784 85214599
[0 - 7fcf4e6b8700] {2}{legion_prof}: Prof Task Info 100 11 8000000000000005 35497114 35500346 35547977 85295300
[0 - 7fcf4e6b8700] {2}{legion_prof}: Prof Task Info 104 11 8000000000000007 42897066 55960389 56011257 103756654
[0 - 7fcf4e6b8700] {2}{legion_prof}: Prof Task Info 108 11 8000000000000005 46313889 61245615 85309903 131995116
[0 - 7fcf4e6b8700] {2}{legion_prof}: Prof Task Info 106 11 8000000000000007 43636440 58228194 103767490 149771647
[0 - 7fcf4e6b8700] {2}{legion_prof}: Prof Task Info 118 11 800000000000000a 117413603 120027827 120107245 166038136
[0 - 7fcf4e6b8700] {2}{legion_prof}: Prof Task Info 122 11 800000000000000a 133338302 135366408 166050054 211420047
[0 - 7fcf4e6b8700] {2}{legion_prof}: Prof Task Info 116 11 8000000000000007 168642357 171368889 171419856 217083100
[0 - 7fcf4e6b8700] {2}{legion_prof}: Prof Task Info 128 11 8000000000000007 213064580 215457802 217093662 262743630
[0 - 7fcf4e6b8700] {2}{legion_prof}: Prof Task Info 130 11 8000000000000005 270879864 275683318 275730158 320774299
[0 - 7fcf4e6b8700] {2}{legion_prof}: Prof Task Info 134 11 8000000000000003 322201469 324763868 324816259 369963585
[0 - 7fcf4e6b8700] {2}{legion_prof}: Prof Task Info 2 8 8000000000000001 7501332 7503198 7512627 370394142
[0 - 7fcf4e6b8700] {2}{legion_prof}: Prof Meta Info 0 0 8000000000000000 7301579 7304050 7348069 7422014
[0 - 7fcf4e6b8700] {2}{legion_prof}: Prof Meta Info 2 26 8000000000000000 7407637 7410387 7431792 7442547
[0 - 7fcf4e6b8700] {2}{legion_prof}: Prof Meta Info 2 13 8000000000000000 7413145 7441012 7449192 7508077
[0 - 7fcf4e6b8700] {2}{legion_prof}: Prof Meta Info 2 32 8000000000000000 7519749 7522320 7531938 7535344
[0 - 7fcf4e6b8700] {2}{legion_prof}: Prof Meta Info 6 11 8000000000000000 7774754 7777267 7815596 7982550
[0 - 7fcf4e6b8700] {2}{legion_prof}: Prof Meta Info 0 0 8000000000000000 7973453 7976554 7994275 8103344
[0 - 7fcf4e6b8700] {2}{legion_prof}: Prof Meta Info 0 37 8000000000000000 8120437 8124311 8126797 8137047
[0 - 7fcf4e6b8700] {2}{legion_prof}: Prof Meta Info 6 13 8000000000000000 8093759 8097065 8113811 8258676
[0 - 7fcf4e6b8700] {2}{legion_prof}: Prof Meta Info 8 11 8000000000000000 7873683 7992048 8268525 8384701
[0 - 7fcf4e6b8700] {2}{legion_prof}: Prof Meta Info 0 0 8000000000000000 8375160 8378782 8404451 8477500
[0 - 7fcf4e6b8700] {2}{legion_prof}: Prof Meta Info 8 26 8000000000000000 8466039 8468253 8487199 8493006
[0 - 7fcf4e6b8700] {2}{legion_prof}: Prof Meta Info 8 13 8000000000000000 8471262 8491446 8501879 8558326
[0 - 7fcf4e6b8700] {2}{legion_prof}: Prof Meta Info 10 11 8000000000000000 7987500 8394947 8575987 8701272
[0 - 7fcf4e6b8700] {2}{legion_prof}: Prof Meta Info 0 0 8000000000000000 8694500 8696625 8786337 8878557
[0 - 7fcf4e6b8700] {2}{legion_prof}: Prof Meta Info 10 26 8000000000000000 8866989 8870001 8887404 8893250
[0 - 7fcf4e6b8700] {2}{legion_prof}: Prof Meta Info 10 13 8000000000000000 8872528 8891303 8902461 8958808
[0 - 7fcf4e6b8700] {2}{legion_prof}: Prof Meta Info 12 11 8000000000000000 8135482 8711179 8973430 9160987
[0 - 7fcf4e6b8700] {2}{legion_prof}: Prof Meta Info 0 0 8000000000000000 8952855 8956024 9201300 9248757
[0 - 7fcf4e6b8700] {2}{legion_prof}: Prof Meta Info 10 26 8000000000000000 9236240 9238883 9259419 9266270
[0 - 7fcf4e6b8700] {2}{legion_prof}: Prof Meta Info 10 13 8000000000000000 9242339 9264359 9274460 9627267
[0 - 7fcf4e6b8700] {2}{legion_prof}: Prof Meta Info 0 37 8000000000000000 9660458 9663862 9694791 9714430
[0 - 7fcf4e6b8700] {2}{legion_prof}: Prof Meta Info 0 37 8000000000000000 9675266 9706088 9724009 9734569
[0 - 7fcf4e6b8700] {2}{legion_prof}: Prof Meta Info 0 0 8000000000000000 9153109 9156395 9643691 9790463
[0 - 7fcf4e6b8700] {2}{legion_prof}: Prof Meta Info 12 26 8000000000000000 9779519 9781633 9797985 9803289
[0 - 7fcf4e6b8700] {2}{legion_prof}: Prof Meta Info 12 13 8000000000000000 9784417 9801585 9812498 9864685
[0 - 7fcf4e6b8700] {2}{legion_prof}: Prof Meta Info 14 11 8000000000000000 8259697 9168018 9880340 10205128
[0 - 7fcf4e6b8700] {2}{legion_prof}: Prof Meta Info 10 32 8000000000000000 9665267 9669767 10304734 10308369
[0 - 7fcf4e6b8700] {2}{legion_prof}: Prof Meta Info 0 0 8000000000000000 9858850 9862183 10343651 10390313
[0 - 7fcf4e6b8700] {2}{legion_prof}: Prof Meta Info 12 26 8000000000000000 10379032 10381263 10400906 10406423
[0 - 7fcf4e6b8700] {2}{legion_prof}: Prof Meta Info 12 13 8000000000000000 10384018 10404895 10415992 10698484
[0 - 7fcf4e6b8700] {2}{legion_prof}: Prof Meta Info 42 11 8000000000000000 10181394 10186390 10715576 11179222
[0 - 7fcf4e6b8700] {2}{legion_prof}: Prof Meta Info 10 1 8000000000000000 10191732 10194917 11188704 11204115
[0 - 7fcf4e6b8700] {2}{legion_prof}: Prof Meta Info 0 0 8000000000000000 10192584 10197306 11211233 11262411
[0 - 7fcf4e6b8700] {2}{legion_prof}: Prof Meta Info 14 26 8000000000000000 11253063 11255011 11269713 11273861
[0 - 7fcf4e6b8700] {2}{legion_prof}: Prof Meta Info 14 13 8000000000000000 11257583 11272364 11312808 11356799
[0 - 7fcf4e6b8700] {2}{legion_prof}: Prof Meta Info 16 11 8000000000000000 8413200 10215617 11377227 11488242
[0 - 7fcf4e6b8700] {2}{legion_prof}: Prof Meta Info 12 32 8000000000000000 10735871 10740778 11531307 11536896
[0 - 7fcf4e6b8700] {2}{legion_prof}: Prof Meta Info 42 12 8000000000000000 11168126 11172245 11546488 11601170
[0 - 7fcf4e6b8700] {2}{legion_prof}: Prof Meta Info 0 0 8000000000000000 11480259 11483161 11623691 11671290
[0 - 7fcf4e6b8700] {2}{legion_prof}: Prof Meta Info 16 26 8000000000000000 11662956 11664902 11677897 11681444
[0 - 7fcf4e6b8700] {2}{legion_prof}: Prof Meta Info 16 13 8000000000000000 11666950 11680311 11687299 11718927
[0 - 7fcf4e6b8700] {2}{legion_prof}: Prof Meta Info 18 11 8000000000000000 8529804 11498806 11728651 11781339
[0 - 7fcf4e6b8700] {2}{legion_prof}: Prof Meta Info 10 7 8000000000000000 11201550 11573905 11792320 11909714
[0 - 7fcf4e6b8700] {2}{legion_prof}: Prof Meta Info 0 0 8000000000000000 11715040 11716839 11926763 11957612
[0 - 7fcf4e6b8700] {2}{legion_prof}: Prof Meta Info 16 26 8000000000000000 11949257 11951139 11964411 11967926
[0 - 7fcf4e6b8700] {2}{legion_prof}: Prof Meta Info 16 13 8000000000000000 11953138 11966596 11973818 12153689
[0 - 7fcf4e6b8700] {2}{legion_prof}: Prof Meta Info 0 0 8000000000000000 11775619 11777815 12164423 12223033
[0 - 7fcf4e6b8700] {2}{legion_prof}: Prof Meta Info 18 26 8000000000000000 12211133 12214617 12231654 12235455
[0 - 7fcf4e6b8700] {2}{legion_prof}: Prof Meta Info 18 13 8000000000000000 12217168 12234213 12241378 12273110
[0 - 7fcf4e6b8700] {2}{legion_prof}: Prof Meta Info 20 11 8000000000000000 8639808 11787207 12282332 12709027
[0 - 7fcf4e6b8700] {2}{legion_prof}: Prof Meta Info 16 32 8000000000000000 12211196 12218526 12734047 12737305
[0 - 7fcf4e6b8700] {2}{legion_prof}: Prof Meta Info 0 0 8000000000000000 12269400 12271192 12751039 12782344
[0 - 7fcf4e6b8700] {2}{legion_prof}: Prof Meta Info 18 26 8000000000000000 12773914 12775768 12788911 12792304
[0 - 7fcf4e6b8700] {2}{legion_prof}: Prof Meta Info 18 13 8000000000000000 12777936 12791142 12798128 13052010
[0 - 7fcf4e6b8700] {2}{legion_prof}: Prof Meta Info 0 0 8000000000000000 12701246 12704814 13081156 13132047
[0 - 7fcf4e6b8700] {2}{legion_prof}: Prof Meta Info 20 26 8000000000000000 13123039 13125121 13138792 13142521
[0 - 7fcf4e6b8700] {2}{legion_prof}: Prof Meta Info 20 13 8000000000000000 13127375 13141367 13148500 13175304
[0 - 7fcf4e6b8700] {2}{legion_prof}: Prof Meta Info 22 11 8000000000000000 8773057 12716676 13186065 13266321
[0 - 7fcf4e6b8700] {2}{legion_prof}: Prof Meta Info 18 32 8000000000000000 13072045 13076739 13588064 13591257
[0 - 7fcf4e6b8700] {2}{legion_prof}: Prof Meta Info 58 11 8000000000000000 13239019 13243537 13610569 13659084
[0 - 7fcf4e6b8700] {2}{legion_prof}: Prof Meta Info 12 1 8000000000000000 13248267 13251099 13666451 13678662
[0 - 7fcf4e6b8700] {2}{legion_prof}: Prof Meta Info 0 0 8000000000000000 13260337 13262964 13688619 13737231
[0 - 7fcf4e6b8700] {2}{legion_prof}: Prof Meta Info 22 26 8000000000000000 13728519 13730380 13743961 13747639
[0 - 7fcf4e6b8700] {2}{legion_prof}: Prof Meta Info 22 13 8000000000000000 13732716 13746551 13753793 13789417
[0 - 7fcf4e6b8700] {2}{legion_prof}: Prof Meta Info 24 11 8000000000000000 8942443 13272896 13798917 13851807
[0 - 7fcf4e6b8700] {2}{legion_prof}: Prof Meta Info 58 12 8000000000000000 13651898 13654617 13920746 13958643
[0 - 7fcf4e6b8700] {2}{legion_prof}: Prof Meta Info 0 0 8000000000000000 13782453 13784247 13988292 14019760
[0 - 7fcf4e6b8700] {2}{legion_prof}: Prof Meta Info 22 26 8000000000000000 14011234 14013131 14026340 14029746
[0 - 7fcf4e6b8700] {2}{legion_prof}: Prof Meta Info 22 13 8000000000000000 14015377 14028510 14035581 14215810
[0 - 7fcf4e6b8700] {2}{legion_prof}: Prof Meta Info 0 0 8000000000000000 13846184 13848376 14227027 14289926
[0 - 7fcf4e6b8700] {2}{legion_prof}: Prof Meta Info 24 26 8000000000000000 14281090 14283255 14296905 14300640
[0 - 7fcf4e6b8700] {2}{legion_prof}: Prof Meta Info 24 13 8000000000000000 14285509 14299484 14306783 14768715
[0 - 7fcf4e6b8700] {2}{legion_prof}: Prof Meta Info 26 11 8000000000000000 9066142 13857600 14792250 14891870
[0 - 7fcf4e6b8700] {2}{legion_prof}: Prof Meta Info 12 7 8000000000000000 13676283 13938412 14931259 15031215
[0 - 7fcf4e6b8700] {2}{legion_prof}: Prof Meta Info 22 32 8000000000000000 14252956 14257246 15062410 15065311
[0 - 7fcf4e6b8700] {2}{legion_prof}: Prof Meta Info 60 11 8000000000000000 14814787 14820812 15082035 15124271
[0 - 7fcf4e6b8700] {2}{legion_prof}: Prof Meta Info 16 1 8000000000000000 14826876 14829179 15131604 15144642
[0 - 7fcf4e6b8700] {2}{legion_prof}: Prof Meta Info 0 0 8000000000000000 14885143 14887926 15156016 15204596
[0 - 7fcf4e6b8700] {2}{legion_prof}: Prof Meta Info 26 26 8000000000000000 15195749 15197650 15211250 15215003
[0 - 7fcf4e6b8700] {2}{legion_prof}: Prof Meta Info 26 13 8000000000000000 15199994 15213780 15220939 15252462
[0 - 7fcf4e6b8700] {2}{legion_prof}: Prof Meta Info 28 11 8000000000000000 9236805 14907606 15261598 15309158
[0 - 7fcf4e6b8700] {2}{legion_prof}: Prof Meta Info 60 12 8000000000000000 15118538 15120596 15329065 15367536
[0 - 7fcf4e6b8700] {2}{legion_prof}: Prof Meta Info 0 0 8000000000000000 15248722 15250576 15385836 15416102
[0 - 7fcf4e6b8700] {2}{legion_prof}: Prof Meta Info 26 26 8000000000000000 15408016 15409837 15422198 15425612
[0 - 7fcf4e6b8700] {2}{legion_prof}: Prof Meta Info 26 13 8000000000000000 15411923 15424334 15431577 15628098
[0 - 7fcf4e6b8700] {2}{legion_prof}: Prof Meta Info 0 0 8000000000000000 15303608 15305769 15644804 15705903
[0 - 7fcf4e6b8700] {2}{legion_prof}: Prof Meta Info 28 26 8000000000000000 15696430 15698778 15713423 15716998
[0 - 7fcf4e6b8700] {2}{legion_prof}: Prof Meta Info 28 13 8000000000000000 15700853 15715749 15723024 15753972
[0 - 7fcf4e6b8700] {2}{legion_prof}: Prof Meta Info 30 11 8000000000000000 9341455 15315401 15763796 15813976
[0 - 7fcf4e6b8700] {2}{legion_prof}: Prof Meta Info 16 7 8000000000000000 15142268 15346704 15857820 15950799
[0 - 7fcf4e6b8700] {2}{legion_prof}: Prof Meta Info 62 11 8000000000000000 15623404 15627307 15968113 16007939
[0 - 7fcf4e6b8700] {2}{legion_prof}: Prof Meta Info 18 1 8000000000000000 15633342 15636033 16019519 16031745
[0 - 7fcf4e6b8700] {2}{legion_prof}: Prof Meta Info 26 32 8000000000000000 15660334 15664979 16043541 16046701
[0 - 7fcf4e6b8700] {2}{legion_prof}: Prof Meta Info 0 0 8000000000000000 15750444 15752248 16075615 16133796
[0 - 7fcf4e6b8700] {2}{legion_prof}: Prof Meta Info 28 26 8000000000000000 16120125 16123206 16144574 16150821
[0 - 7fcf4e6b8700] {2}{legion_prof}: Prof Meta Info 28 13 8000000000000000 16126106 16146818 16157407 16327590
[0 - 7fcf4e6b8700] {2}{legion_prof}: Prof Meta Info 0 0 8000000000000000 15808754 15810764 16345150 16402588
[0 - 7fcf4e6b8700] {2}{legion_prof}: Prof Meta Info 30 26 8000000000000000 16389533 16391786 16410234 16413876
[0 - 7fcf4e6b8700] {2}{legion_prof}: Prof Meta Info 30 13 8000000000000000 16397622 16412733 16420183 16452704
[0 - 7fcf4e6b8700] {2}{legion_prof}: Prof Meta Info 32 11 8000000000000000 9454650 15820042 16462427 16800069
[0 - 7fcf4e6b8700] {2}{legion_prof}: Prof Meta Info 62 12 8000000000000000 16002377 16004398 16849608 16889980
[0 - 7fcf4e6b8700] {2}{legion_prof}: Prof Meta Info 64 11 8000000000000000 16101270 16108489 16908467 16956719
[0 - 7fcf4e6b8700] {2}{legion_prof}: Prof Meta Info 26 1 8000000000000000 16115513 16120196 16964544 16977568
[0 - 7fcf4e6b8700] {2}{legion_prof}: Prof Meta Info 28 32 8000000000000000 16340458 16343863 16998500 17001990
[0 - 7fcf4e6b8700] {2}{legion_prof}: Prof Meta Info 0 0 8000000000000000 16448834 16450882 17014946 17051746
[0 - 7fcf4e6b8700] {2}{legion_prof}: Prof Meta Info 30 26 8000000000000000 17042954 17044885 17058867 17062377
[0 - 7fcf4e6b8700] {2}{legion_prof}: Prof Meta Info 30 13 8000000000000000 17047246 17061222 17068858 17290812
[0 - 7fcf4e6b8700] {2}{legion_prof}: Prof Meta Info 66 11 8000000000000000 16757136 16759965 17303091 17372073
[0 - 7fcf4e6b8700] {2}{legion_prof}: Prof Meta Info 28 1 8000000000000000 16764220 16768525 17386103 17401512
[0 - 7fcf4e6b8700] {2}{legion_prof}: Prof Meta Info 0 0 8000000000000000 16788396 16794248 17413720 17463698
[0 - 7fcf4e6b8700] {2}{legion_prof}: Prof Meta Info 32 26 8000000000000000 17454829 17456891 17472583 17476382
[0 - 7fcf4e6b8700] {2}{legion_prof}: Prof Meta Info 32 13 8000000000000000 17459078 17475143 17482732 17514236
[0 - 7fcf4e6b8700] {2}{legion_prof}: Prof Meta Info 34 11 8000000000000000 9559659 16809080 17523982 17571241
[0 - 7fcf4e6b8700] {2}{legion_prof}: Prof Meta Info 68 11 8000000000000000 16813305 16817214 17578570 17614998
[0 - 7fcf4e6b8700] {2}{legion_prof}: Prof Meta Info 22 1 8000000000000000 16821568 16825080 17621508 17632716
[0 - 7fcf4e6b8700] {2}{legion_prof}: Prof Meta Info 18 7 8000000000000000 16029467 16868295 17642816 17940179
[0 - 7fcf4e6b8700] {2}{legion_prof}: Prof Meta Info 64 12 8000000000000000 16950826 16953033 17956904 17995263
[0 - 7fcf4e6b8700] {2}{legion_prof}: Prof Meta Info 66 12 8000000000000000 17363018 17365398 18064406 18099670
[0 - 7fcf4e6b8700] {2}{legion_prof}: Prof Meta Info 30 32 8000000000000000 17384025 17389000 18111491 18114678
[0 - 7fcf4e6b8700] {2}{legion_prof}: Prof Meta Info 0 0 8000000000000000 17510559 17512407 18131911 18164520
[0 - 7fcf4e6b8700] {2}{legion_prof}: Prof Meta Info 32 26 8000000000000000 18155347 18157419 18171457 18174965
[0 - 7fcf4e6b8700] {2}{legion_prof}: Prof Meta Info 32 13 8000000000000000 18159993 18173718 18180848 18400053
[0 - 7fcf4e6b8700] {2}{legion_prof}: Prof Meta Info 0 0 8000000000000000 17565818 17567887 18415948 18472878
[0 - 7fcf4e6b8700] {2}{legion_prof}: Prof Meta Info 34 26 8000000000000000 18463950 18466274 18479344 18483243
[0 - 7fcf4e6b8700] {2}{legion_prof}: Prof Meta Info 34 13 8000000000000000 18468431 18481906 18489278 18520794
[0 - 7fcf4e6b8700] {2}{legion_prof}: Prof Meta Info 36 11 8000000000000000 9722530 17577202 18530100 18919614
[0 - 7fcf4e6b8700] {2}{legion_prof}: Prof Meta Info 68 12 8000000000000000 17609481 17611641 18930128 18973260
[0 - 7fcf4e6b8700] {2}{legion_prof}: Prof Meta Info 70 11 8000000000000000 17821455 17825732 18991807 19038663
[0 - 7fcf4e6b8700] {2}{legion_prof}: Prof Meta Info 30 1 8000000000000000 17829531 17832847 19047312 19060049
[0 - 7fcf4e6b8700] {2}{legion_prof}: Prof Meta Info 26 7 8000000000000000 16975084 17974667 19076596 19173993
[0 - 7fcf4e6b8700] {2}{legion_prof}: Prof Meta Info 28 7 8000000000000000 17398910 18079827 19194786 19284988
[0 - 7fcf4e6b8700] {2}{legion_prof}: Prof Meta Info 32 32 8000000000000000 18417012 18424706 19307686 19310703
[0 - 7fcf4e6b8700] {2}{legion_prof}: Prof Meta Info 0 0 8000000000000000 18517170 18519012 19323663 19355702
[0 - 7fcf4e6b8700] {2}{legion_prof}: Prof Meta Info 34 26 8000000000000000 19346742 19348611 19362307 19365657
[0 - 7fcf4e6b8700] {2}{legion_prof}: Prof Meta Info 34 13 8000000000000000 19351147 19364486 19371567 19552983
[0 - 7fcf4e6b8700] {2}{legion_prof}: Prof Meta Info 0 0 8000000000000000 18911969 18915209 19564356 19621658
[0 - 7fcf4e6b8700] {2}{legion_prof}: Prof Meta Info 36 26 8000000000000000 19613540 19615439 19628205 19631843
[0 - 7fcf4e6b8700] {2}{legion_prof}: Prof Meta Info 36 13 8000000000000000 19617240 19630726 19637829 19669342
[0 - 7fcf4e6b8700] {2}{legion_prof}: Prof Meta Info 38 11 8000000000000000 9848432 18927806 19679425 19725086
[0 - 7fcf4e6b8700] {2}{legion_prof}: Prof Meta Info 22 7 8000000000000000 17630392 18947998 19732244 19822353
[0 - 7fcf4e6b8700] {2}{legion_prof}: Prof Meta Info 70 12 8000000000000000 19032504 19034840 19838313 19874497
[0 - 7fcf4e6b8700] {2}{legion_prof}: Prof Meta Info 34 32 8000000000000000 19589714 19593479 19948279 19951183
[0 - 7fcf4e6b8700] {2}{legion_prof}: Prof Meta Info 0 0 8000000000000000 19665667 19667514 19966443 20005901
[0 - 7fcf4e6b8700] {2}{legion_prof}: Prof Meta Info 36 26 8000000000000000 19993716 19997732 20014642 20019906
[0 - 7fcf4e6b8700] {2}{legion_prof}: Prof Meta Info 36 13 8000000000000000 20000466 20018636 20026895 20204972
[0 - 7fcf4e6b8700] {2}{legion_prof}: Prof Meta Info 0 0 8000000000000000 19719534 19721590 20215876 20270542
[0 - 7fcf4e6b8700] {2}{legion_prof}: Prof Meta Info 38 26 8000000000000000 20262364 20264302 20276980 20280526
[0 - 7fcf4e6b8700] {2}{legion_prof}: Prof Meta Info 38 13 8000000000000000 20266268 20279362 20286339 20699755
[0 - 7fcf4e6b8700] {2}{legion_prof}: Prof Meta Info 40 11 8000000000000000 10204638 19730876 20726800 20801575
[0 - 7fcf4e6b8700] {2}{legion_prof}: Prof Meta Info 30 7 8000000000000000 19057553 19855044 20814948 20924546
[0 - 7fcf4e6b8700] {2}{legion_prof}: Prof Meta Info 72 11 8000000000000000 20014928 20019132 20989217 21048183
[0 - 7fcf4e6b8700] {2}{legion_prof}: Prof Meta Info 34 1 8000000000000000 20023457 20026075 21059372 21071826
[0 - 7fcf4e6b8700] {2}{legion_prof}: Prof Meta Info 36 32 8000000000000000 20245373 20250269 21086751 21089763
[0 - 7fcf4e6b8700] {2}{legion_prof}: Prof Meta Info 0 0 8000000000000000 20793568 20795822 21106160 21154527
[0 - 7fcf4e6b8700] {2}{legion_prof}: Prof Meta Info 40 26 8000000000000000 21145644 21147577 21161448 21165094
[0 - 7fcf4e6b8700] {2}{legion_prof}: Prof Meta Info 40 13 8000000000000000 21149971 21163979 21171125 21203211
[0 - 7fcf4e6b8700] {2}{legion_prof}: Prof Meta Info 44 11 8000000000000000 10382019 20809238 21213827 21295389
[0 - 7fcf4e6b8700] {2}{legion_prof}: Prof Meta Info 74 11 8000000000000000 20968831 20972772 21333607 21377607
[0 - 7fcf4e6b8700] {2}{legion_prof}: Prof Meta Info 32 1 8000000000000000 20980869 20985020 21421722 21434410
[0 - 7fcf4e6b8700] {2}{legion_prof}: Prof Meta Info 72 12 8000000000000000 21033860 21036666 21447240 21485171
[0 - 7fcf4e6b8700] {2}{legion_prof}: Prof Meta Info 0 0 8000000000000000 21199529 21201360 21507509 21538574
[0 - 7fcf4e6b8700] {2}{legion_prof}: Prof Meta Info 40 26 8000000000000000 21530251 21532203 21544864 21548425
[0 - 7fcf4e6b8700] {2}{legion_prof}: Prof Meta Info 40 13 8000000000000000 21534356 21547075 21554404 21725028
[0 - 7fcf4e6b8700] {2}{legion_prof}: Prof Meta Info 0 0 8000000000000000 21289782 21292054 21746599 21795278
[0 - 7fcf4e6b8700] {2}{legion_prof}: Prof Meta Info 44 26 8000000000000000 21786822 21788733 21801625 21805450
[0 - 7fcf4e6b8700] {2}{legion_prof}: Prof Meta Info 44 13 8000000000000000 21790918 21804125 21811382 21848011
[0 - 7fcf4e6b8700] {2}{legion_prof}: Prof Meta Info 46 11 8000000000000000 10491591 21301470 21859043 21923590
[0 - 7fcf4e6b8700] {2}{legion_prof}: Prof Meta Info 74 12 8000000000000000 21371861 21373907 21931038 21971506
[0 - 7fcf4e6b8700] {2}{legion_prof}: Prof Meta Info 34 7 8000000000000000 21069466 21464956 22013429 22107246
[0 - 7fcf4e6b8700] {2}{legion_prof}: Prof Meta Info 0 0 8000000000000000 21918212 21920340 22135570 22183078
[0 - 7fcf4e6b8700] {2}{legion_prof}: Prof Meta Info 46 26 8000000000000000 22174884 22176731 22190950 22195133
[0 - 7fcf4e6b8700] {2}{legion_prof}: Prof Meta Info 46 13 8000000000000000 22178749 22193875 22201372 22232747
[0 - 7fcf4e6b8700] {2}{legion_prof}: Prof Meta Info 48 11 8000000000000000 10614521 21929640 22242042 22286563
[0 - 7fcf4e6b8700] {2}{legion_prof}: Prof Meta Info 32 7 8000000000000000 21431629 21948943 22293509 22386676
[0 - 7fcf4e6b8700] {2}{legion_prof}: Prof Meta Info 0 0 8000000000000000 22229095 22230866 22440390 22472172
[0 - 7fcf4e6b8700] {2}{legion_prof}: Prof Meta Info 46 26 8000000000000000 22463230 22465506 22478703 22481979
[0 - 7fcf4e6b8700] {2}{legion_prof}: Prof Meta Info 46 13 8000000000000000 22467551 22480818 22487773 22662461
[0 - 7fcf4e6b8700] {2}{legion_prof}: Prof Meta Info 0 0 8000000000000000 22281114 22283059 22673658 22750818
[0 - 7fcf4e6b8700] {2}{legion_prof}: Prof Meta Info 48 26 8000000000000000 22740163 22742688 22761792 22767818
[0 - 7fcf4e6b8700] {2}{legion_prof}: Prof Meta Info 48 13 8000000000000000 22745189 22765995 22776162 23201475
[0 - 7fcf4e6b8700] {2}{legion_prof}: Prof Meta Info 50 11 8000000000000000 10726641 22292047 23217188 23298054
[0 - 7fcf4e6b8700] {2}{legion_prof}: Prof Meta Info 46 32 8000000000000000 22714755 22719665 23349847 23352869
[0 - 7fcf4e6b8700] {2}{legion_prof}: Prof Meta Info 76 11 8000000000000000 22752036 22757133 23362706 23403012
[0 - 7fcf4e6b8700] {2}{legion_prof}: Prof Meta Info 36 1 8000000000000000 22762380 22765966 23409744 23421846
[0 - 7fcf4e6b8700] {2}{legion_prof}: Prof Meta Info 40 32 8000000000000000 22784695 22793993 23434554 23437621
[0 - 7fcf4e6b8700] {2}{legion_prof}: Prof Meta Info 78 11 8000000000000000 23169846 23172514 23443618 23649775
[0 - 7fcf4e6b8700] {2}{legion_prof}: Prof Meta Info 46 1 8000000000000000 23176415 23178356 23671084 23684460
[0 - 7fcf4e6b8700] {2}{legion_prof}: Prof Meta Info 0 0 8000000000000000 23292332 23294564 23698379 23746590
[0 - 7fcf4e6b8700] {2}{legion_prof}: Prof Meta Info 50 26 8000000000000000 23738100 23739985 23753425 23757344
[0 - 7fcf4e6b8700] {2}{legion_prof}: Prof Meta Info 50 13 8000000000000000 23742146 23755995 23763343 23795567
[0 - 7fcf4e6b8700] {2}{legion_prof}: Prof Meta Info 52 11 8000000000000000 11344934 23304256 23804702 23886643
[0 - 7fcf4e6b8700] {2}{legion_prof}: Prof Meta Info 76 12 8000000000000000 23397535 23399651 23919540 23956429
[0 - 7fcf4e6b8700] {2}{legion_prof}: Prof Meta Info 80 11 8000000000000000 23619097 23622199 23972845 24018944
[0 - 7fcf4e6b8700] {2}{legion_prof}: Prof Meta Info 40 1 8000000000000000 23625421 23627351 24026136 24037685
[0 - 7fcf4e6b8700] {2}{legion_prof}: Prof Meta Info 78 12 8000000000000000 23641456 23645001 24047282 24081932
[0 - 7fcf4e6b8700] {2}{legion_prof}: Prof Meta Info 0 0 8000000000000000 23791907 23793678 24100998 24141241
[0 - 7fcf4e6b8700] {2}{legion_prof}: Prof Meta Info 50 26 8000000000000000 24128969 24130781 24148030 24154540
[0 - 7fcf4e6b8700] {2}{legion_prof}: Prof Meta Info 50 13 8000000000000000 24132913 24152807 24161173 24341917
[0 - 7fcf4e6b8700] {2}{legion_prof}: Prof Meta Info 0 0 8000000000000000 23880778 23883184 24353385 24406903
[0 - 7fcf4e6b8700] {2}{legion_prof}: Prof Meta Info 52 26 8000000000000000 24398189 24400247 24413512 24417102
[0 - 7fcf4e6b8700] {2}{legion_prof}: Prof Meta Info 52 13 8000000000000000 24402356 24415943 24423252 24454576
[0 - 7fcf4e6b8700] {2}{legion_prof}: Prof Meta Info 54 11 8000000000000000 11461024 23892660 24463769 24509769
[0 - 7fcf4e6b8700] {2}{legion_prof}: Prof Meta Info 36 7 8000000000000000 23419491 23936782 24528827 24633613
[0 - 7fcf4e6b8700] {2}{legion_prof}: Prof Meta Info 80 12 8000000000000000 24006903 24008991 24644657 24679253
[0 - 7fcf4e6b8700] {2}{legion_prof}: Prof Meta Info 46 7 8000000000000000 23681841 24062632 24692150 24779828
[0 - 7fcf4e6b8700] {2}{legion_prof}: Prof Meta Info 50 32 8000000000000000 24383600 24387481 24823469 24831390
[0 - 7fcf4e6b8700] {2}{legion_prof}: Prof Meta Info 0 0 8000000000000000 24450957 24452810 24844693 24875253
[0 - 7fcf4e6b8700] {2}{legion_prof}: Prof Meta Info 52 26 8000000000000000 24867158 24869063 24881412 24884794
[0 - 7fcf4e6b8700] {2}{legion_prof}: Prof Meta Info 52 13 8000000000000000 24870977 24883611 24890935 25061166
[0 - 7fcf4e6b8700] {2}{legion_prof}: Prof Meta Info 0 0 8000000000000000 24504312 24506420 25071919 25132984
[0 - 7fcf4e6b8700] {2}{legion_prof}: Prof Meta Info 54 26 8000000000000000 25124091 25126332 25139580 25143152
[0 - 7fcf4e6b8700] {2}{legion_prof}: Prof Meta Info 54 13 8000000000000000 25128536 25141955 25149043 25583733
[0 - 7fcf4e6b8700] {2}{legion_prof}: Prof Meta Info 56 11 8000000000000000 11571300 24516062 25598746 25667064
[0 - 7fcf4e6b8700] {2}{legion_prof}: Prof Meta Info 40 7 8000000000000000 24035368 24660254 25732991 25836835
[0 - 7fcf4e6b8700] {2}{legion_prof}: Prof Meta Info 82 11 8000000000000000 24810883 24814184 25851816 25893269
[0 - 7fcf4e6b8700] {2}{legion_prof}: Prof Meta Info 50 1 8000000000000000 24817577 24820621 25899939 25911943
[0 - 7fcf4e6b8700] {2}{legion_prof}: Prof Meta Info 52 32 8000000000000000 25108550 25114385 25934467 25937614
[0 - 7fcf4e6b8700] {2}{legion_prof}: Prof Meta Info 0 0 8000000000000000 25661310 25663421 25953090 26000661
[0 - 7fcf4e6b8700] {2}{legion_prof}: Prof Meta Info 56 26 8000000000000000 25992226 25994027 26007111 26010931
[0 - 7fcf4e6b8700] {2}{legion_prof}: Prof Meta Info 56 13 8000000000000000 25996204 26009672 26016860 26048181
[0 - 7fcf4e6b8700] {2}{legion_prof}: Prof Meta Info 82 12 8000000000000000 25887773 25889953 27316888 27368368
[0 - 7fcf4e6b8700] {2}{legion_prof}: Prof Meta Info 0 0 8000000000000000 26044654 26046400 27393324 27442781
[0 - 7fcf4e6b8700] {2}{legion_prof}: Prof Meta Info 56 26 8000000000000000 27434136 27436115 27449261 27452739
[0 - 7fcf4e6b8700] {2}{legion_prof}: Prof Meta Info 56 13 8000000000000000 27438202 27451449 27458593 27668865
[0 - 7fcf4e6b8700] {2}{legion_prof}: Prof Meta Info 50 7 8000000000000000 25909406 27342436 27730960 27837523
[0 - 7fcf4e6b8700] {2}{legion_prof}: Prof Meta Info 84 11 8000000000000000 27634838 27640622 27855497 27898411
[0 - 7fcf4e6b8700] {2}{legion_prof}: Prof Meta Info 52 1 8000000000000000 27647376 27653010 27906136 27918771
[0 - 7fcf4e6b8700] {2}{legion_prof}: Prof Meta Info 56 32 8000000000000000 27706427 27710532 27963507 27966439
[0 - 7fcf4e6b8700] {2}{legion_prof}: Prof Meta Info 84 12 8000000000000000 27892408 27894456 27985013 28021196
[0 - 7fcf4e6b8700] {2}{legion_prof}: Prof Meta Info 52 7 8000000000000000 27916329 28001310 28055448 28160446
[0 - 7fcf4e6b8700] {2}{legion_prof}: Prof Meta Info 86 11 8000000000000000 28140891 28143778 28182266 28222774
[0 - 7fcf4e6b8700] {2}{legion_prof}: Prof Meta Info 56 1 8000000000000000 28148499 28151610 28229260 28240408
[0 - 7fcf4e6b8700] {2}{legion_prof}: Prof Meta Info 86 12 8000000000000000 28217603 28219587 28278407 28313360
[0 - 7fcf4e6b8700] {2}{legion_prof}: Prof Meta Info 56 7 8000000000000000 28237981 28294342 28343576 28432156
[0 - 7fcf4e6b8700] {2}{legion_prof}: Prof Meta Info 88 11 8000000000000000 29354698 29357302 29392735 29555744
[0 - 7fcf4e6b8700] {2}{legion_prof}: Prof Meta Info 0 0 8000000000000000 29546433 29550334 29567280 29646678
[0 - 7fcf4e6b8700] {2}{legion_prof}: Prof Meta Info 88 26 8000000000000000 29635433 29637742 29655614 29661720
[0 - 7fcf4e6b8700] {2}{legion_prof}: Prof Meta Info 88 13 8000000000000000 29639956 29659781 29670346 29700254
[0 - 7fcf4e6b8700] {2}{legion_prof}: Prof Meta Info 90 11 8000000000000000 29456844 29565416 29716180 29912781
[0 - 7fcf4e6b8700] {2}{legion_prof}: Prof Meta Info 0 0 8000000000000000 29904700 29908591 29972696 30060059
[0 - 7fcf4e6b8700] {2}{legion_prof}: Prof Meta Info 90 26 8000000000000000 30047373 30051290 30069456 30075551
[0 - 7fcf4e6b8700] {2}{legion_prof}: Prof Meta Info 90 13 8000000000000000 30054019 30073674 30083641 30116097
[0 - 7fcf4e6b8700] {2}{legion_prof}: Prof Meta Info 92 11 8000000000000000 29576028 29921862 30130047 30290847
[0 - 7fcf4e6b8700] {2}{legion_prof}: Prof Meta Info 0 0 8000000000000000 30282907 30286260 30319049 30396905
[0 - 7fcf4e6b8700] {2}{legion_prof}: Prof Meta Info 92 26 8000000000000000 30387050 30389826 30406245 30410996
[0 - 7fcf4e6b8700] {2}{legion_prof}: Prof Meta Info 92 13 8000000000000000 30392455 30409742 30419960 30474947
[0 - 7fcf4e6b8700] {2}{legion_prof}: Prof Meta Info 94 11 8000000000000000 29696705 30299946 30491915 30607529
[0 - 7fcf4e6b8700] {2}{legion_prof}: Prof Meta Info 0 0 8000000000000000 30469411 30472966 30627463 30674843
[0 - 7fcf4e6b8700] {2}{legion_prof}: Prof Meta Info 92 26 8000000000000000 30664742 30666949 30683371 30689220
[0 - 7fcf4e6b8700] {2}{legion_prof}: Prof Meta Info 0 37 8000000000000000 30789939 30794378 30836882 30860826
[0 - 7fcf4e6b8700] {2}{legion_prof}: Prof Meta Info 0 37 8000000000000000 30804729 30851387 30873184 30883578
[0 - 7fcf4e6b8700] {2}{legion_prof}: Prof Meta Info 0 0 8000000000000000 30600088 30603641 30777429 30945173
[0 - 7fcf4e6b8700] {2}{legion_prof}: Prof Meta Info 94 26 8000000000000000 30934055 30937402 30955022 30959452
[0 - 7fcf4e6b8700] {2}{legion_prof}: Prof Meta Info 94 13 8000000000000000 30940505 30957661 30968271 31012403
[0 - 7fcf4e6b8700] {2}{legion_prof}: Prof Meta Info 96 11 8000000000000000 29821293 30615706 31028159 31193499
[0 - 7fcf4e6b8700] {2}{legion_prof}: Prof Meta Info 92 13 8000000000000000 30669405 30687354 30697734 32083580
[0 - 7fcf4e6b8700] {2}{legion_prof}: Prof Meta Info 0 0 8000000000000000 31183202 31188402 32162992 32252421
[0 - 7fcf4e6b8700] {2}{legion_prof}: Prof Meta Info 96 26 8000000000000000 32225973 32228914 32262586 32266334
[0 - 7fcf4e6b8700] {2}{legion_prof}: Prof Meta Info 96 13 8000000000000000 32231780 32265175 32275387 32322896
[0 - 7fcf4e6b8700] {2}{legion_prof}: Prof Meta Info 98 11 8000000000000000 29989587 31202300 32337329 32495420
[0 - 7fcf4e6b8700] {2}{legion_prof}: Prof Meta Info 0 0 8000000000000000 32488177 32491258 32596936 32644854
[0 - 7fcf4e6b8700] {2}{legion_prof}: Prof Meta Info 98 26 8000000000000000 32636335 32638283 32651524 32655325
[0 - 7fcf4e6b8700] {2}{legion_prof}: Prof Meta Info 98 13 8000000000000000 32640497 32653946 32661304 33029600
[0 - 7fcf4e6b8700] {2}{legion_prof}: Prof Meta Info 100 11 8000000000000000 30116123 32504865 33043375 34634880
[0 - 7fcf4e6b8700] {2}{legion_prof}: Prof Meta Info 0 33 8000000000000000 32529704 32533500 34646069 34713482
[0 - 7fcf4e6b8700] {2}{legion_prof}: Prof Meta Info 98 32 8000000000000000 33041416 33045164 34734627 34737840
[0 - 7fcf4e6b8700] {2}{legion_prof}: Prof Meta Info 0 0 8000000000000000 34625762 34630137 34746615 34798533
[0 - 7fcf4e6b8700] {2}{legion_prof}: Prof Meta Info 100 26 8000000000000000 34789480 34791384 34805257 34809793
[0 - 7fcf4e6b8700] {2}{legion_prof}: Prof Meta Info 100 13 8000000000000000 34794035 34808456 34815729 34853986
[0 - 7fcf4e6b8700] {2}{legion_prof}: Prof Meta Info 102 11 8000000000000000 30276971 34643163 34863430 34944821
[0 - 7fcf4e6b8700] {2}{legion_prof}: Prof Meta Info 0 0 8000000000000000 34850243 34852071 34965179 34996425
[0 - 7fcf4e6b8700] {2}{legion_prof}: Prof Meta Info 100 26 8000000000000000 34988110 34990008 35002705 35006165
[0 - 7fcf4e6b8700] {2}{legion_prof}: Prof Meta Info 100 13 8000000000000000 34992188 35004915 35012217 35507719
[0 - 7fcf4e6b8700] {2}{legion_prof}: Prof Meta Info 0 0 8000000000000000 34939116 34941390 35541178 35623416
[0 - 7fcf4e6b8700] {2}{legion_prof}: Prof Meta Info 102 26 8000000000000000 35610294 35613370 35633796 35639278
[0 - 7fcf4e6b8700] {2}{legion_prof}: Prof Meta Info 102 13 8000000000000000 35616160 35637789 35648316 36068023
[0 - 7fcf4e6b8700] {2}{legion_prof}: Prof Meta Info 104 11 8000000000000000 30406939 34950921 36085226 37020904
[0 - 7fcf4e6b8700] {2}{legion_prof}: Prof Meta Info 100 32 8000000000000000 35557230 35563036 37115600 37118896
[0 - 7fcf4e6b8700] {2}{legion_prof}: Prof Meta Info 92 32 8000000000000000 35676462 35680008 37137911 37140968
[0 - 7fcf4e6b8700] {2}{legion_prof}: Prof Meta Info 0 0 8000000000000000 37014004 37016724 37151623 37202092
[0 - 7fcf4e6b8700] {2}{legion_prof}: Prof Meta Info 104 26 8000000000000000 37193208 37195165 37208961 37213175
[0 - 7fcf4e6b8700] {2}{legion_prof}: Prof Meta Info 104 13 8000000000000000 37197510 37211896 37219246 37252706
[0 - 7fcf4e6b8700] {2}{legion_prof}: Prof Meta Info 106 11 8000000000000000 30541682 37029165 37262077 37359283
[0 - 7fcf4e6b8700] {2}{legion_prof}: Prof Meta Info 0 33 8000000000000000 37061289 37063851 37367546 37418763
[0 - 7fcf4e6b8700] {2}{legion_prof}: Prof Meta Info 0 0 8000000000000000 37248904 37250818 37556482 37908580
[0 - 7fcf4e6b8700] {2}{legion_prof}: Prof Meta Info 104 26 8000000000000000 37581538 37583750 37916528 37920286
[0 - 7fcf4e6b8700] {2}{legion_prof}: Prof Meta Info 0 0 8000000000000000 37353203 37355607 37971301 38021026
[0 - 7fcf4e6b8700] {2}{legion_prof}: Prof Meta Info 106 26 8000000000000000 38011957 38014043 38027937 38031612
[0 - 7fcf4e6b8700] {2}{legion_prof}: Prof Meta Info 106 13 8000000000000000 38016480 38030490 38037925 38070644
[0 - 7fcf4e6b8700] {2}{legion_prof}: Prof Meta Info 108 11 8000000000000000 30676683 37366018 38080720 38169010
[0 - 7fcf4e6b8700] {2}{legion_prof}: Prof Meta Info 0 33 8000000000000000 37435374 37437473 38181048 38220420
[0 - 7fcf4e6b8700] {2}{legion_prof}: Prof Meta Info 0 0 8000000000000000 38066796 38068669 38386573 38432681
[0 - 7fcf4e6b8700] {2}{legion_prof}: Prof Meta Info 106 26 8000000000000000 38421091 38424336 38442208 38449606
[0 - 7fcf4e6b8700] {2}{legion_prof}: Prof Meta Info 0 0 8000000000000000 38163088 38165433 38499601 38565618
[0 - 7fcf4e6b8700] {2}{legion_prof}: Prof Meta Info 108 26 8000000000000000 38556843 38559124 38572843 38576638
[0 - 7fcf4e6b8700] {2}{legion_prof}: Prof Meta Info 108 13 8000000000000000 38561262 38575389 38583111 38615552
[0 - 7fcf4e6b8700] {2}{legion_prof}: Prof Meta Info 110 11 8000000000000000 30868378 38175872 38625386 38707599
[0 - 7fcf4e6b8700] {2}{legion_prof}: Prof Meta Info 0 0 8000000000000000 38611770 38613654 40392871 40429601
[0 - 7fcf4e6b8700] {2}{legion_prof}: Prof Meta Info 108 26 8000000000000000 40420480 40422869 40436863 40440227
[0 - 7fcf4e6b8700] {2}{legion_prof}: Prof Meta Info 0 0 8000000000000000 38701892 38704192 41907695 41968993
[0 - 7fcf4e6b8700] {2}{legion_prof}: Prof Meta Info 110 26 8000000000000000 41959448 41961898 41976643 41983123
[0 - 7fcf4e6b8700] {2}{legion_prof}: Prof Meta Info 110 13 8000000000000000 41964281 41981609 41989655 42053308
[0 - 7fcf4e6b8700] {2}{legion_prof}: Prof Meta Info 112 11 8000000000000000 31032209 38714556 42065561 42186269
[0 - 7fcf4e6b8700] {2}{legion_prof}: Prof Meta Info 0 33 8000000000000000 38791257 38794065 42244679 42293350
[0 - 7fcf4e6b8700] {2}{legion_prof}: Prof Meta Info 104 13 8000000000000000 37902142 37919051 37926809 42901313
[0 - 7fcf4e6b8700] {2}{legion_prof}: Prof Meta Info 114 11 8000000000000000 31177200 42194055 42931140 43043309
[0 - 7fcf4e6b8700] {2}{legion_prof}: Prof Meta Info 106 13 8000000000000000 38426755 38445933 38459050 43640430
[0 - 7fcf4e6b8700] {2}{legion_prof}: Prof Meta Info 116 11 8000000000000000 31304444 43050856 43656957 43769737
[0 - 7fcf4e6b8700] {2}{legion_prof}: Prof Meta Info 118 11 8000000000000000 31442494 43779939 43820833 43940396
[0 - 7fcf4e6b8700] {2}{legion_prof}: Prof Meta Info 0 33 8000000000000000 43803923 43806296 43969029 45534445
[0 - 7fcf4e6b8700] {2}{legion_prof}: Prof Meta Info 120 11 8000000000000000 31563328 43948128 45551928 45688481
[0 - 7fcf4e6b8700] {2}{legion_prof}: Prof Meta Info 108 13 8000000000000000 40425152 40439134 40446485 46317879
[0 - 7fcf4e6b8700] {2}{legion_prof}: Prof Meta Info 122 11 8000000000000000 31677393 45699855 46361216 46470414
[0 - 7fcf4e6b8700] {2}{legion_prof}: Prof Meta Info 124 11 8000000000000000 31833930 46477400 46542240 46647443
[0 - 7fcf4e6b8700] {2}{legion_prof}: Prof Meta Info 0 33 8000000000000000 46497800 46500098 46670043 46708070
[0 - 7fcf4e6b8700] {2}{legion_prof}: Prof Meta Info 126 11 8000000000000000 31971276 46654599 46719505 46807750
[0 - 7fcf4e6b8700] {2}{legion_prof}: Prof Meta Info 128 11 8000000000000000 32107969 46814847 46839666 46928291
[0 - 7fcf4e6b8700] {2}{legion_prof}: Prof Meta Info 130 11 8000000000000000 32280230 46935549 46950165 47059407
[0 - 7fcf4e6b8700] {2}{legion_prof}: Prof Meta Info 132 11 8000000000000000 32420791 47066921 47081802 47174880
[0 - 7fcf4e6b8700] {2}{legion_prof}: Prof Meta Info 134 11 8000000000000000 32569734 47181695 47196451 47298521
[0 - 7fcf4e6b8700] {2}{legion_prof}: Prof Meta Info 104 32 8000000000000000 56020533 56025236 56046020 56050762
[0 - 7fcf4e6b8700] {2}{legion_prof}: Prof Meta Info 0 33 8000000000000000 56526057 56528424 56544790 56595553
[0 - 7fcf4e6b8700] {2}{legion_prof}: Prof Meta Info 136 11 8000000000000000 84137569 84140913 84179699 84258030
[0 - 7fcf4e6b8700] {2}{legion_prof}: Prof Meta Info 98 1 8000000000000000 84150166 84152291 84267200 84284521
[0 - 7fcf4e6b8700] {2}{legion_prof}: Prof Meta Info 136 12 8000000000000000 84249987 84253342 84296420 84348030
[0 - 7fcf4e6b8700] {2}{legion_prof}: Prof Meta Info 98 7 8000000000000000 84281645 84326057 84363604 84582691
[0 - 7fcf4e6b8700] {2}{legion_prof}: Prof Meta Info 138 11 8000000000000000 85188705 85191591 85237133 85318600
[0 - 7fcf4e6b8700] {2}{legion_prof}: Prof Meta Info 92 1 8000000000000000 85199348 85201169 85328579 85343496
[0 - 7fcf4e6b8700] {2}{legion_prof}: Prof Meta Info 140 11 8000000000000000 85283962 85287925 85355146 85396521
[0 - 7fcf4e6b8700] {2}{legion_prof}: Prof Meta Info 100 1 8000000000000000 85291434 85293776 85404500 85416289
[0 - 7fcf4e6b8700] {2}{legion_prof}: Prof Meta Info 138 12 8000000000000000 85307161 85310404 85426363 85465440
[0 - 7fcf4e6b8700] {2}{legion_prof}: Prof Meta Info 108 32 8000000000000000 85314484 85316772 85472481 85476408
[0 - 7fcf4e6b8700] {2}{legion_prof}: Prof Meta Info 140 12 8000000000000000 85390874 85392959 85489225 85524137
[0 - 7fcf4e6b8700] {2}{legion_prof}: Prof Meta Info 92 7 8000000000000000 85340274 85445070 85536790 85743833
[0 - 7fcf4e6b8700] {2}{legion_prof}: Prof Meta Info 100 7 8000000000000000 85413669 85505133 85756776 85961411
[0 - 7fcf4e6b8700] {2}{legion_prof}: Prof Meta Info 114 2 8000000000000000 43037529 99085475 99096473 99136169
[0 - 7fcf4e6b8700] {2}{legion_prof}: Prof Meta Info 0 0 8000000000000000 99131717 99134138 99171538 99226319
[0 - 7fcf4e6b8700] {2}{legion_prof}: Prof Meta Info 114 26 8000000000000000 99217295 99219286 99232965 99238338
[0 - 7fcf4e6b8700] {2}{legion_prof}: Prof Meta Info 114 13 8000000000000000 99221732 99236867 99245823 99337986
[0 - 7fcf4e6b8700] {2}{legion_prof}: Prof Meta Info 0 33 8000000000000000 101835644 101838943 101870565 101907212
[0 - 7fcf4e6b8700] {2}{legion_prof}: Prof Meta Info 142 11 8000000000000000 103742491 103745419 103782704 103859003
[0 - 7fcf4e6b8700] {2}{legion_prof}: Prof Meta Info 104 1 8000000000000000 103753618 103755454 103868132 103883860
[0 - 7fcf4e6b8700] {2}{legion_prof}: Prof Meta Info 106 32 8000000000000000 103771143 103773013 103895676 103899270
[0 - 7fcf4e6b8700] {2}{legion_prof}: Prof Meta Info 142 12 8000000000000000 103850834 103854290 103906477 103954112
[0 - 7fcf4e6b8700] {2}{legion_prof}: Prof Meta Info 104 7 8000000000000000 103881071 103932907 103970656 104178534
[0 - 7fcf4e6b8700] {2}{legion_prof}: Prof Meta Info 118 2 8000000000000000 43934441 114402672 114410534 114441506
[0 - 7fcf4e6b8700] {2}{legion_prof}: Prof Meta Info 0 0 8000000000000000 114436672 114439414 114474474 114523163
[0 - 7fcf4e6b8700] {2}{legion_prof}: Prof Meta Info 118 26 8000000000000000 114514805 114516659 114529825 114533838
[0 - 7fcf4e6b8700] {2}{legion_prof}: Prof Meta Info 118 13 8000000000000000 114518728 114532676 114539647 114573836
[0 - 7fcf4e6b8700] {2}{legion_prof}: Prof Meta Info 0 0 8000000000000000 114569160 114571966 114590448 114636818
[0 - 7fcf4e6b8700] {2}{legion_prof}: Prof Meta Info 118 26 8000000000000000 114629434 114631145 114642673 114645806
[0 - 7fcf4e6b8700] {2}{legion_prof}: Prof Meta Info 118 13 8000000000000000 114632838 114644691 114651531 117417494
[0 - 7fcf4e6b8700] {2}{legion_prof}: Prof Meta Info 118 32 8000000000000000 120114381 120118046 120158804 120165444
[0 - 7fcf4e6b8700] {2}{legion_prof}: Prof Meta Info 112 2 8000000000000000 42179977 122345591 122354678 122387777
[0 - 7fcf4e6b8700] {2}{legion_prof}: Prof Meta Info 0 0 8000000000000000 122382996 122385641 122420674 122470619
[0 - 7fcf4e6b8700] {2}{legion_prof}: Prof Meta Info 112 26 8000000000000000 122461642 122463721 122477504 122481730
[0 - 7fcf4e6b8700] {2}{legion_prof}: Prof Meta Info 112 13 8000000000000000 122466042 122480504 122488003 122521808
[0 - 7fcf4e6b8700] {2}{legion_prof}: Prof Meta Info 144 11 8000000000000000 131980828 131983534 132022415 132085147
[0 - 7fcf4e6b8700] {2}{legion_prof}: Prof Meta Info 108 1 8000000000000000 131991890 131993896 132093844 132108263
[0 - 7fcf4e6b8700] {2}{legion_prof}: Prof Meta Info 144 12 8000000000000000 132077584 132080735 132119012 132164178
[0 - 7fcf4e6b8700] {2}{legion_prof}: Prof Meta Info 122 2 8000000000000000 46464582 132143071 132177372 132204265
[0 - 7fcf4e6b8700] {2}{legion_prof}: Prof Meta Info 108 7 8000000000000000 132105527 132143751 132210573 132416981
[0 - 7fcf4e6b8700] {2}{legion_prof}: Prof Meta Info 0 0 8000000000000000 132200651 132202440 132428139 132475317
[0 - 7fcf4e6b8700] {2}{legion_prof}: Prof Meta Info 122 26 8000000000000000 132467018 132468850 132481643 132485701
[0 - 7fcf4e6b8700] {2}{legion_prof}: Prof Meta Info 122 13 8000000000000000 132470993 132484413 132491482 132523056
[0 - 7fcf4e6b8700] {2}{legion_prof}: Prof Meta Info 0 0 8000000000000000 132519490 132521256 132540393 132585660
[0 - 7fcf4e6b8700] {2}{legion_prof}: Prof Meta Info 122 26 8000000000000000 132578239 132579937 132591394 132594527
[0 - 7fcf4e6b8700] {2}{legion_prof}: Prof Meta Info 122 13 8000000000000000 132581704 132593420 132600046 133342013
[0 - 7fcf4e6b8700] {2}{legion_prof}: Prof Meta Info 146 11 8000000000000000 149747491 149749936 149790012 149860826
[0 - 7fcf4e6b8700] {2}{legion_prof}: Prof Meta Info 106 1 8000000000000000 149768086 149770314 149869310 149882158
[0 - 7fcf4e6b8700] {2}{legion_prof}: Prof Meta Info 146 12 8000000000000000 149853367 149856702 149892332 149932747
[0 - 7fcf4e6b8700] {2}{legion_prof}: Prof Meta Info 120 2 8000000000000000 45681097 149912255 149945752 149972224
[0 - 7fcf4e6b8700] {2}{legion_prof}: Prof Meta Info 106 7 8000000000000000 149879511 149913191 149978734 150176398
[0 - 7fcf4e6b8700] {2}{legion_prof}: Prof Meta Info 0 0 8000000000000000 149968668 149970393 150186347 150232525
[0 - 7fcf4e6b8700] {2}{legion_prof}: Prof Meta Info 120 26 8000000000000000 150224281 150226008 150238431 150242544
[0 - 7fcf4e6b8700] {2}{legion_prof}: Prof Meta Info 120 13 8000000000000000 150228284 150241203 150248117 150274228
[0 - 7fcf4e6b8700] {2}{legion_prof}: Prof Meta Info 0 33 8000000000000000 152790485 152793685 152829401 152871433
[0 - 7fcf4e6b8700] {2}{legion_prof}: Prof Meta Info 0 33 8000000000000000 152986365 152989974 153021008 153094718
[0 - 7fcf4e6b8700] {2}{legion_prof}: Prof Meta Info 148 11 8000000000000000 166023182 166026415 166065005 166121521
[0 - 7fcf4e6b8700] {2}{legion_prof}: Prof Meta Info 118 1 8000000000000000 166034751 166036925 166132033 166146649
[0 - 7fcf4e6b8700] {2}{legion_prof}: Prof Meta Info 122 32 8000000000000000 166053443 166055540 166160124 166163169
[0 - 7fcf4e6b8700] {2}{legion_prof}: Prof Meta Info 148 12 8000000000000000 166113967 166116772 166170628 166211464
[0 - 7fcf4e6b8700] {2}{legion_prof}: Prof Meta Info 118 7 8000000000000000 166144166 166190942 166227006 166433417
[0 - 7fcf4e6b8700] {2}{legion_prof}: Prof Meta Info 116 2 8000000000000000 43761439 167680329 167688847 167721140
[0 - 7fcf4e6b8700] {2}{legion_prof}: Prof Meta Info 0 0 8000000000000000 167716451 167718983 167751262 167798952
[0 - 7fcf4e6b8700] {2}{legion_prof}: Prof Meta Info 116 26 8000000000000000 167790613 167792607 167805538 167809781
[0 - 7fcf4e6b8700] {2}{legion_prof}: Prof Meta Info 116 13 8000000000000000 167794742 167808493 167815700 167853405
[0 - 7fcf4e6b8700] {2}{legion_prof}: Prof Meta Info 0 0 8000000000000000 167849662 167851425 167871077 167916980
[0 - 7fcf4e6b8700] {2}{legion_prof}: Prof Meta Info 116 26 8000000000000000 167909173 167910874 167922894 167926242
[0 - 7fcf4e6b8700] {2}{legion_prof}: Prof Meta Info 116 13 8000000000000000 167912796 167925011 167931820 168645991
[0 - 7fcf4e6b8700] {2}{legion_prof}: Prof Meta Info 116 32 8000000000000000 171426157 171429373 171538834 171545246
[0 - 7fcf4e6b8700] {2}{legion_prof}: Prof Meta Info 124 2 8000000000000000 46641944 171937222 171946174 171978844
[0 - 7fcf4e6b8700] {2}{legion_prof}: Prof Meta Info 0 0 8000000000000000 171974144 171976677 172014552 172064010
[0 - 7fcf4e6b8700] {2}{legion_prof}: Prof Meta Info 124 26 8000000000000000 172055108 172057142 172070755 172074908
[0 - 7fcf4e6b8700] {2}{legion_prof}: Prof Meta Info 124 13 8000000000000000 172059432 172073577 172081093 172110203
[0 - 7fcf4e6b8700] {2}{legion_prof}: Prof Meta Info 150 11 8000000000000000 211392283 211395890 211442740 211510292
[0 - 7fcf4e6b8700] {2}{legion_prof}: Prof Meta Info 122 1 8000000000000000 211407521 211418849 211520615 211534673
[0 - 7fcf4e6b8700] {2}{legion_prof}: Prof Meta Info 150 12 8000000000000000 211502124 211505533 211548234 211593147
[0 - 7fcf4e6b8700] {2}{legion_prof}: Prof Meta Info 128 2 8000000000000000 46922686 211570981 211607374 211634664
[0 - 7fcf4e6b8700] {2}{legion_prof}: Prof Meta Info 122 7 8000000000000000 211531789 211571706 211641419 211863513
[0 - 7fcf4e6b8700] {2}{legion_prof}: Prof Meta Info 0 0 8000000000000000 211630774 211632810 211874681 211922785
[0 - 7fcf4e6b8700] {2}{legion_prof}: Prof Meta Info 128 26 8000000000000000 211914069 211915972 211929043 211933379
[0 - 7fcf4e6b8700] {2}{legion_prof}: Prof Meta Info 128 13 8000000000000000 211918263 211932003 211939165 211971515
[0 - 7fcf4e6b8700] {2}{legion_prof}: Prof Meta Info 0 0 8000000000000000 211967927 211969661 211989463 212034890
[0 - 7fcf4e6b8700] {2}{legion_prof}: Prof Meta Info 128 26 8000000000000000 212027152 212028957 212040774 212043894
[0 - 7fcf4e6b8700] {2}{legion_prof}: Prof Meta Info 128 13 8000000000000000 212030826 212042785 212049596 213068591
[0 - 7fcf4e6b8700] {2}{legion_prof}: Prof Meta Info 0 10 8000000000000000 212381620 212384548 213077995 213085544
[0 - 7fcf4e6b8700] {2}{legion_prof}: Prof Meta Info 0 10 8000000000000000 212388707 212391612 213092647 213097259
[0 - 7fcf4e6b8700] {2}{legion_prof}: Prof Meta Info 0 10 8000000000000000 212394425 212396561 213104241 213111252
[0 - 7fcf4e6b8700] {2}{legion_prof}: Prof Meta Info 0 10 8000000000000000 212399106 212401719 213117765 213124008
[0 - 7fcf4e6b8700] {2}{legion_prof}: Prof Meta Info 0 10 8000000000000000 212404478 212406088 213130421 213135125
[0 - 7fcf4e6b8700] {2}{legion_prof}: Prof Meta Info 0 10 8000000000000000 212408664 212410274 213141479 213147258
[0 - 7fcf4e6b8700] {2}{legion_prof}: Prof Meta Info 0 10 8000000000000000 212412666 212414576 213153577 213159072
[0 - 7fcf4e6b8700] {2}{legion_prof}: Prof Meta Info 0 10 8000000000000000 212418662 212420961 213165307 213170937
[0 - 7fcf4e6b8700] {2}{legion_prof}: Prof Meta Info 0 10 8000000000000000 212424093 212425850 213177176 213183532
[0 - 7fcf4e6b8700] {2}{legion_prof}: Prof Meta Info 0 10 8000000000000000 212428733 212430945 213189952 213196159
[0 - 7fcf4e6b8700] {2}{legion_prof}: Prof Meta Info 0 10 8000000000000000 212434048 212435735 213202483 213208622
[0 - 7fcf4e6b8700] {2}{legion_prof}: Prof Meta Info 0 10 8000000000000000 212438209 212439844 213214886 213221471
[0 - 7fcf4e6b8700] {2}{legion_prof}: Prof Meta Info 0 10 8000000000000000 212442655 212445027 213227781 213234504
[0 - 7fcf4e6b8700] {2}{legion_prof}: Prof Meta Info 0 10 8000000000000000 212449055 212450972 213240754 213246385
[0 - 7fcf4e6b8700] {2}{legion_prof}: Prof Meta Info 0 10 8000000000000000 212454146 212455671 213252840 213258344
[0 - 7fcf4e6b8700] {2}{legion_prof}: Prof Meta Info 0 10 8000000000000000 212462862 212464599 213264979 213271064
[0 - 7fcf4e6b8700] {2}{legion_prof}: Prof Meta Info 0 10 8000000000000000 212467664 212469290 213277268 213283334
[0 - 7fcf4e6b8700] {2}{legion_prof}: Prof Meta Info 0 10 8000000000000000 212471906 212473492 213289537 213295695
[0 - 7fcf4e6b8700] {2}{legion_prof}: Prof Meta Info 0 10 8000000000000000 212476104 212477754 213302184 213307191
[0 - 7fcf4e6b8700] {2}{legion_prof}: Prof Meta Info 0 10 8000000000000000 212480303 212481912 213313485 213319368
[0 - 7fcf4e6b8700] {2}{legion_prof}: Prof Meta Info 0 10 8000000000000000 212484311 212485811 213325747 213332075
[0 - 7fcf4e6b8700] {2}{legion_prof}: Prof Meta Info 0 10 8000000000000000 212488385 212490043 213338350 213343664
[0 - 7fcf4e6b8700] {2}{legion_prof}: Prof Meta Info 0 10 8000000000000000 212493544 212495202 213349875 213355966
[0 - 7fcf4e6b8700] {2}{legion_prof}: Prof Meta Info 0 10 8000000000000000 212497594 212499137 213362051 213368355
[0 - 7fcf4e6b8700] {2}{legion_prof}: Prof Meta Info 0 10 8000000000000000 212501316 212502916 213374974 213381016
[0 - 7fcf4e6b8700] {2}{legion_prof}: Prof Meta Info 0 10 8000000000000000 212505785 212507330 213387579 213393632
[0 - 7fcf4e6b8700] {2}{legion_prof}: Prof Meta Info 0 10 8000000000000000 212509637 212511361 213400884 213406738
[0 - 7fcf4e6b8700] {2}{legion_prof}: Prof Meta Info 0 10 8000000000000000 212518770 212520468 213413293 213419343
[0 - 7fcf4e6b8700] {2}{legion_prof}: Prof Meta Info 0 10 8000000000000000 212523434 212525171 213425638 213431588
[0 - 7fcf4e6b8700] {2}{legion_prof}: Prof Meta Info 0 10 8000000000000000 212528695 212530305 213438175 213444313
[0 - 7fcf4e6b8700] {2}{legion_prof}: Prof Meta Info 0 10 8000000000000000 212533301 212534920 213450664 213456902
[0 - 7fcf4e6b8700] {2}{legion_prof}: Prof Meta Info 0 10 8000000000000000 212537786 212539494 213463654 213469569
[0 - 7fcf4e6b8700] {2}{legion_prof}: Prof Meta Info 0 10 8000000000000000 212542106 212543801 213476262 213481869
[0 - 7fcf4e6b8700] {2}{legion_prof}: Prof Meta Info 0 10 8000000000000000 212547622 212549278 213488615 213494282
[0 - 7fcf4e6b8700] {2}{legion_prof}: Prof Meta Info 0 10 8000000000000000 212552714 212554546 213501334 213506984
[0 - 7fcf4e6b8700] {2}{legion_prof}: Prof Meta Info 0 10 8000000000000000 212557578 212559205 213513683 213519713
[0 - 7fcf4e6b8700] {2}{legion_prof}: Prof Meta Info 0 10 8000000000000000 212561771 212563386 213526141 213531729
[0 - 7fcf4e6b8700] {2}{legion_prof}: Prof Meta Info 152 11 8000000000000000 217060907 217063327 217105859 217157435
[0 - 7fcf4e6b8700] {2}{legion_prof}: Prof Meta Info 116 1 8000000000000000 217068784 217070888 217166157 217179638
[0 - 7fcf4e6b8700] {2}{legion_prof}: Prof Meta Info 128 32 8000000000000000 217097021 217098721 217190786 217193989
[0 - 7fcf4e6b8700] {2}{legion_prof}: Prof Meta Info 152 12 8000000000000000 217150068 217153118 217200702 217242016
[0 - 7fcf4e6b8700] {2}{legion_prof}: Prof Meta Info 126 2 8000000000000000 46801918 217220532 217257802 217285026
[0 - 7fcf4e6b8700] {2}{legion_prof}: Prof Meta Info 116 7 8000000000000000 217176910 217221296 217291926 217502872
[0 - 7fcf4e6b8700] {2}{legion_prof}: Prof Meta Info 0 0 8000000000000000 217281290 217283095 217513048 217560532
[0 - 7fcf4e6b8700] {2}{legion_prof}: Prof Meta Info 126 26 8000000000000000 217552214 217554017 217566917 217571016
[0 - 7fcf4e6b8700] {2}{legion_prof}: Prof Meta Info 126 13 8000000000000000 217556211 217569742 217576863 217605584
[0 - 7fcf4e6b8700] {2}{legion_prof}: Prof Meta Info 0 10 8000000000000000 212458419 217456641 217616057 217626340
[0 - 7fcf4e6b8700] {2}{legion_prof}: Prof Meta Info 0 10 8000000000000000 212514615 217457218 217633326 217640462
[0 - 7fcf4e6b8700] {2}{legion_prof}: Prof Meta Info 0 10 8000000000000000 212566176 217457703 217647127 217661644
[0 - 7fcf4e6b8700] {2}{legion_prof}: Prof Meta Info 0 33 8000000000000000 218013844 218016765 218046681 218079123
[0 - 7fcf4e6b8700] {2}{legion_prof}: Prof Meta Info 0 33 8000000000000000 218242815 218245743 218286551 218321264
[0 - 7fcf4e6b8700] {2}{legion_prof}: Prof Meta Info 154 11 8000000000000000 262717309 262720978 262765056 262856303
[0 - 7fcf4e6b8700] {2}{legion_prof}: Prof Meta Info 128 1 8000000000000000 262727975 262741753 262865247 262881459
[0 - 7fcf4e6b8700] {2}{legion_prof}: Prof Meta Info 154 12 8000000000000000 262848465 262851897 262892496 262940070
[0 - 7fcf4e6b8700] {2}{legion_prof}: Prof Meta Info 132 2 8000000000000000 47169290 262918026 262953842 262984431
[0 - 7fcf4e6b8700] {2}{legion_prof}: Prof Meta Info 128 7 8000000000000000 262878561 262918570 262990998 263206846
[0 - 7fcf4e6b8700] {2}{legion_prof}: Prof Meta Info 0 0 8000000000000000 262980950 262982649 263217026 263266825
[0 - 7fcf4e6b8700] {2}{legion_prof}: Prof Meta Info 132 26 8000000000000000 263258692 263260547 263272804 263277658
[0 - 7fcf4e6b8700] {2}{legion_prof}: Prof Meta Info 132 13 8000000000000000 263262516 263276397 263283506 263317896
[0 - 7fcf4e6b8700] {2}{legion_prof}: Prof Meta Info 0 33 8000000000000000 263760029 263763680 263798925 263849500
[0 - 7fcf4e6b8700] {2}{legion_prof}: Prof Meta Info 0 33 8000000000000000 263963499 263966479 263996571 264026350
[0 - 7fcf4e6b8700] {2}{legion_prof}: Prof Meta Info 130 2 8000000000000000 47053868 269623789 269631579 269661603
[0 - 7fcf4e6b8700] {2}{legion_prof}: Prof Meta Info 0 0 8000000000000000 269657243 269659507 269696867 269744702
[0 - 7fcf4e6b8700] {2}{legion_prof}: Prof Meta Info 130 26 8000000000000000 269736154 269738027 269751674 269755804
[0 - 7fcf4e6b8700] {2}{legion_prof}: Prof Meta Info 130 13 8000000000000000 269740253 269754402 269761381 269795030
[0 - 7fcf4e6b8700] {2}{legion_prof}: Prof Meta Info 0 0 8000000000000000 269791371 269793216 269861825 269908720
[0 - 7fcf4e6b8700] {2}{legion_prof}: Prof Meta Info 130 26 8000000000000000 269900907 269902823 269914581 269917806
[0 - 7fcf4e6b8700] {2}{legion_prof}: Prof Meta Info 130 13 8000000000000000 269904649 269916560 269923293 270883266
[0 - 7fcf4e6b8700] {2}{legion_prof}: Prof Meta Info 130 32 8000000000000000 275738752 275742092 275772447 275778546
[0 - 7fcf4e6b8700] {2}{legion_prof}: Prof Meta Info 156 11 8000000000000000 320749499 320751950 320794255 320881912
[0 - 7fcf4e6b8700] {2}{legion_prof}: Prof Meta Info 130 1 8000000000000000 320758985 320773060 320890535 320905624
[0 - 7fcf4e6b8700] {2}{legion_prof}: Prof Meta Info 156 12 8000000000000000 320874073 320877298 320916813 320963972
[0 - 7fcf4e6b8700] {2}{legion_prof}: Prof Meta Info 134 2 8000000000000000 47293013 320943160 320978479 321009665
[0 - 7fcf4e6b8700] {2}{legion_prof}: Prof Meta Info 130 7 8000000000000000 320902775 320943826 321016458 321223311
[0 - 7fcf4e6b8700] {2}{legion_prof}: Prof Meta Info 0 0 8000000000000000 321006037 321007780 321233490 321282206
[0 - 7fcf4e6b8700] {2}{legion_prof}: Prof Meta Info 134 26 8000000000000000 321273968 321275768 321288385 321292957
[0 - 7fcf4e6b8700] {2}{legion_prof}: Prof Meta Info 134 13 8000000000000000 321277903 321291691 321298366 321330381
[0 - 7fcf4e6b8700] {2}{legion_prof}: Prof Meta Info 0 0 8000000000000000 321326939 321328658 321347027 321391232
[0 - 7fcf4e6b8700] {2}{legion_prof}: Prof Meta Info 134 26 8000000000000000 321384000 321385624 321396883 321400015
[0 - 7fcf4e6b8700] {2}{legion_prof}: Prof Meta Info 134 13 8000000000000000 321387309 321398853 321405267 322204997
[0 - 7fcf4e6b8700] {2}{legion_prof}: Prof Meta Info 134 32 8000000000000000 324822278 324825363 324860291 324866205
[0 - 7fcf4e6b8700] {2}{legion_prof}: Prof Meta Info 158 11 8000000000000000 369939888 369942270 369982328 370056089
[0 - 7fcf4e6b8700] {2}{legion_prof}: Prof Meta Info 134 1 8000000000000000 369959963 369962126 370064438 370078250
[0 - 7fcf4e6b8700] {2}{legion_prof}: Prof Meta Info 158 12 8000000000000000 370048763 370051951 370089137 370131853
[0 - 7fcf4e6b8700] {2}{legion_prof}: Prof Meta Info 134 7 8000000000000000 370075877 370111117 370144281 370454918
[0 - 7fcf4e6b8700] {2}{legion_prof}: Prof Meta Info 160 11 8000000000000000 370345146 370349717 370469008 370537309
[0 - 7fcf4e6b8700] {2}{legion_prof}: Prof Meta Info 2 1 8000000000000000 370389575 370392621 370544287 370554714
[0 - 7fcf4e6b8700] {2}{legion_prof}: Prof Meta Info 0 0 8000000000000000 370531854 370533825 370567102 370615822
[0 - 7fcf4e6b8700] {2}{legion_prof}: Prof Meta Info 160 26 8000000000000000 370606824 370608506 370622305 370626532
[0 - 7fcf4e6b8700] {2}{legion_prof}: Prof Meta Info 160 13 8000000000000000 370611337 370625146 370631907 370663558
[0 - 7fcf4e6b8700] {2}{legion_prof}: Prof Meta Info 0 33 8000000000000000 373180173 373182804 373190542 373225254
[0 - 7fcf4e6b8700] {2}{legion_prof}: Prof Meta Info 2 7 8000000000000000 370552006 496540802 496549064 496553717
[0 - 7fcf4e6b8700] {2}{legion_prof}: Prof Meta Info 0 14 8000000000000000 496978875 497175861 500642489 500645843
[0 - 7fcf4e6b8700] {2}{legion_prof}: Prof Meta Info 0 14 8000000000000000 497032288 497307360 500653099 500656343
[0 - 7fcf4e6b8700] {2}{legion_prof}: Prof Meta Info 0 14 8000000000000000 497087928 497496082 500662447 500665227
[0 - 7fcf4e6b8700] {2}{legion_prof}: Prof Meta Info 0 14 8000000000000000 497142534 497687307 500671448 500674148
[0 - 7fcf4e6b8700] {2}{legion_prof}: Prof Meta Info 0 14 8000000000000000 497295450 497865109 500680009 500682711
[0 - 7fcf4e6b8700] {2}{legion_prof}: Prof Meta Info 0 14 8000000000000000 497432181 498064214 500688942 500691593
[0 - 7fcf4e6b8700] {2}{legion_prof}: Prof Meta Info 0 14 8000000000000000 497484291 498236615 500698247 500700996
[0 - 7fcf4e6b8700] {2}{legion_prof}: Prof Meta Info 0 14 8000000000000000 497542278 498425276 500706972 500709672
[0 - 7fcf4e6b8700] {2}{legion_prof}: Prof Meta Info 0 14 8000000000000000 497599035 498562236 500715691 500718580
[0 - 7fcf4e6b8700] {2}{legion_prof}: Prof Meta Info 0 14 8000000000000000 497964165 498735419 500724328 500727007
[0 - 7fcf4e6b8700] {2}{legion_prof}: Prof Meta Info 0 14 8000000000000000 498018187 498938143 500732876 500735843
[0 - 7fcf4e6b8700] {2}{legion_prof}: Prof Meta Info 0 14 8000000000000000 498151542 499192565 500741395 500744109
[0 - 7fcf4e6b8700] {2}{legion_prof}: Prof Meta Info 0 14 8000000000000000 498360281 499372375 500750156 500752859
[0 - 7fcf4e6b8700] {2}{legion_prof}: Prof Meta Info 0 14 8000000000000000 498572286 499601619 500758913 500761544
[0 - 7fcf4e6b8700] {2}{legion_prof}: Prof Meta Info 0 14 8000000000000000 498706742 499788659 500767541 500770226
[0 - 7fcf4e6b8700] {2}{legion_prof}: Prof Meta Info 0 14 8000000000000000 498761707 499936189 500776102 500778766
[0 - 7fcf4e6b8700] {2}{legion_prof}: Prof Meta Info 0 14 8000000000000000 498819551 500060769 500784479 500787170
[0 - 7fcf4e6b8700] {2}{legion_prof}: Prof Meta Info 0 14 8000000000000000 498876644 500242668 500793403 500796914
[0 - 7fcf4e6b8700] {2}{legion_prof}: Prof Meta Info 0 14 8000000000000000 498928528 500407215 500803163 500805868
[0 - 7fcf4e6b8700] {2}{legion_prof}: Prof Meta Info 0 14 8000000000000000 498988456 500601757 500813789 500816465
[0 - 7fcf4e6b8700] {2}{legion_prof}: Prof Meta Info 0 14 8000000000000000 499039993 500901803 500911593 500915950
[0 - 7fcf4e6b8700] {2}{legion_prof}: Prof Meta Info 0 14 8000000000000000 499182041 501087683 501118755 501122449
[0 - 7fcf4e6b8700] {2}{legion_prof}: Prof Meta Info 0 14 8000000000000000 499476156 501366388 501374731 501378932
[0 - 7fcf4e6b8700] {2}{legion_prof}: Prof Meta Info 0 14 8000000000000000 499529990 501560870 501572347 501575340
[0 - 7fcf4e6b8700] {2}{legion_prof}: Prof Meta Info 0 14 8000000000000000 499589891 501676331 501692703 501695635
[0 - 7fcf4e6b8700] {2}{legion_prof}: Prof Meta Info 0 14 8000000000000000 499805525 502009730 502020127 502024578
[0 - 7fcf4e6b8700] {2}{legion_prof}: Prof Meta Info 0 14 8000000000000000 499859591 502075602 502082104 502084882
[0 - 7fcf4e6b8700] {2}{legion_prof}: Prof Meta Info 0 14 8000000000000000 499911950 502271524 502277279 502280721
[0 - 7fcf4e6b8700] {2}{legion_prof}: Prof Meta Info 0 14 8000000000000000 499967795 502372708 502378713 502382279
[0 - 7fcf4e6b8700] {2}{legion_prof}: Prof Meta Info 0 14 8000000000000000 500027267 502518506 502596786 502600231
[0 - 7fcf4e6b8700] {2}{legion_prof}: Prof Meta Info 0 14 8000000000000000 500112552 502607427 502612215 502615551
[0 - 7fcf4e6b8700] {2}{legion_prof}: Prof Meta Info 0 10 8000000000000000 502505360 502507409 502622623 502675188
[0 - 7fcf4e6b8700] {2}{legion_prof}: Prof Meta Info 0 10 8000000000000000 502510714 502513182 502683359 502703809
[0 - 7fcf4e6b8700] {2}{legion_prof}: Prof Meta Info 0 14 8000000000000000 500225233 502693102 502711987 502715428
[0 - 7fcf4e6b8700] {2}{legion_prof}: Prof Meta Info 0 10 8000000000000000 502516331 502518430 502722654 502771491
[0 - 7fcf4e6b8700] {2}{legion_prof}: Prof Meta Info 0 10 8000000000000000 502521156 502523465 502779070 502796749
[0 - 7fcf4e6b8700] {2}{legion_prof}: Prof Meta Info 0 14 8000000000000000 500317277 502782614 502803468 502806230
[0 - 7fcf4e6b8700] {2}{legion_prof}: Prof Meta Info 0 10 8000000000000000 502527033 502528991 502813510 502819507
[0 - 7fcf4e6b8700] {2}{legion_prof}: Prof Meta Info 0 10 8000000000000000 502531456 502533071 502830935 502847090
[0 - 7fcf4e6b8700] {2}{legion_prof}: Prof Meta Info 0 10 8000000000000000 502535628 502537241 502854034 502906659
[0 - 7fcf4e6b8700] {2}{legion_prof}: Prof Meta Info 0 14 8000000000000000 500371129 502883145 502914607 502917822
[0 - 7fcf4e6b8700] {2}{legion_prof}: Prof Meta Info 0 10 8000000000000000 502539705 502541602 502924925 502974566
[0 - 7fcf4e6b8700] {2}{legion_prof}: Prof Meta Info 0 14 8000000000000000 500492847 502971076 502982763 502985711
[0 - 7fcf4e6b8700] {2}{legion_prof}: Prof Meta Info 0 10 8000000000000000 502544110 502546296 502991896 502997407
[0 - 7fcf4e6b8700] {2}{legion_prof}: Prof Meta Info 0 10 8000000000000000 502548649 502550254 503004304 503052434
[0 - 7fcf4e6b8700] {2}{legion_prof}: Prof Meta Info 0 14 8000000000000000 500544960 503058379 503067153 503070808
[0 - 7fcf4e6b8700] {2}{legion_prof}: Prof Meta Info 0 10 8000000000000000 502552547 502554374 503079379 503096684
[0 - 7fcf4e6b8700] {2}{legion_prof}: Prof Meta Info 0 14 8000000000000000 500864839 503079708 503103941 503106768
[0 - 7fcf4e6b8700] {2}{legion_prof}: Prof Meta Info 0 10 8000000000000000 502557041 502559108 503113086 503169280
[0 - 7fcf4e6b8700] {2}{legion_prof}: Prof Meta Info 0 14 8000000000000000 501064709 503123432 503196533 503201543
[0 - 7fcf4e6b8700] {2}{legion_prof}: Prof Meta Info 0 14 8000000000000000 501109501 503150882 503210026 503216957
[0 - 7fcf4e6b8700] {2}{legion_prof}: Prof Meta Info 0 14 8000000000000000 501176478 503188527 503224521 503227403
[0 - 7fcf4e6b8700] {2}{legion_prof}: Prof Meta Info 0 14 8000000000000000 501260985 503210321 503233847 503238393
[0 - 7fcf4e6b8700] {2}{legion_prof}: Prof Meta Info 0 14 8000000000000000 501310997 503238295 503246676 503250081
[0 - 7fcf4e6b8700] {2}{legion_prof}: Prof Meta Info 0 14 8000000000000000 501353499 503255614 503259791 503263882
[0 - 7fcf4e6b8700] {2}{legion_prof}: Prof Meta Info 0 14 8000000000000000 501421765 503285393 503292159 503296821
[0 - 7fcf4e6b8700] {2}{legion_prof}: Prof Meta Info 0 14 8000000000000000 501467537 503299225 503308128 503311573
[0 - 7fcf4e6b8700] {2}{legion_prof}: Prof Meta Info 0 14 8000000000000000 501516715 503331287 503333884 503338806
[0 - 7fcf4e6b8700] {2}{legion_prof}: Prof Meta Info 0 14 8000000000000000 501560818 503347889 503351129 503354704
[0 - 7fcf4e6b8700] {2}{legion_prof}: Prof Meta Info 0 14 8000000000000000 501633277 503377233 503405217 503409072
[0 - 7fcf4e6b8700] {2}{legion_prof}: Prof Meta Info 0 14 8000000000000000 501807885 503395985 503415454 503418980
[0 - 7fcf4e6b8700] {2}{legion_prof}: Prof Meta Info 0 14 8000000000000000 501863248 503426712 503431063 503434776
[0 - 7fcf4e6b8700] {2}{legion_prof}: Prof Meta Info 0 14 8000000000000000 501953670 503466768 503472588 503476444
[0 - 7fcf4e6b8700] {2}{legion_prof}: Prof Meta Info 0 14 8000000000000000 502011203 503487502 503496191 503499837
[0 - 7fcf4e6b8700] {2}{legion_prof}: Prof Meta Info 0 14 8000000000000000 502159905 503512282 503516557 503520366
[0 - 7fcf4e6b8700] {2}{legion_prof}: Prof Meta Info 0 14 8000000000000000 502211517 503533456 503537969 503541331
[0 - 7fcf4e6b8700] {2}{legion_prof}: Prof Meta Info 0 14 8000000000000000 502253555 503557510 503565149 503568096
[0 - 7fcf4e6b8700] {2}{legion_prof}: Prof Meta Info 0 14 8000000000000000 502319462 503578951 503583743 503587545
[0 - 7fcf4e6b8700] {2}{legion_prof}: Prof Meta Info 0 14 8000000000000000 502479578 503874219 503900662 503906385
[0 - 7fcf4e6b8700] {2}{legion_prof}: Prof Meta Info 0 14 8000000000000000 503394161 504505847 504534615 504540846
[0 - 7fcf4e6b8700] {2}{legion_prof}: Prof Meta Info 0 14 8000000000000000 501906837 504547994 504557547 504560992
[0 - 7fcf4e6b8700] {2}{legion_prof}: Prof Meta Info 0 14 8000000000000000 502419612 504760177 504769889 504772830
[0 - 7fcf4e6b8700] {2}{legion_prof}: Prof Meta Info 0 14 8000000000000000 503692427 505005857 505034715 505040589
[0 - 7fcf4e6b8700] {2}{legion_prof}: Prof Meta Info 0 14 8000000000000000 503951609 505079353 505101724 505105205
[0 - 7fcf4e6b8700] {2}{legion_prof}: Prof Meta Info 0 14 8000000000000000 504602511 505240557 505276807 505283204
[0 - 7fcf4e6b8700] {2}{legion_prof}: Prof Meta Info 0 14 8000000000000000 504653562 505274252 505294328 505297962
[0 - 7fcf4e6b8700] {2}{legion_prof}: Prof Meta Info 0 14 8000000000000000 504815906 505296631 505305860 505308864
[0 - 7fcf4e6b8700] {2}{legion_prof}: Prof Meta Info 0 14 8000000000000000 505093457 505322736 505331258 505334438
[0 - 7fcf4e6b8700] {2}{legion_prof}: Prof Copy Info 92 6000100000000000 6000000000000000 4000000 31715709 31751344 31757795 35485189
[0 - 7fcf4e6b8700] {2}{legion_prof}: Prof Copy Info 104 6000100000000000 6000000000000000 4000000 44103204 47569632 47581584 51542659
[0 - 7fcf4e6b8700] {2}{legion_prof}: Prof Copy Info 106 6000100000000000 6000000000000000 4000000 44186499 50013585 50020777 55867675
[0 - 7fcf4e6b8700] {2}{legion_prof}: Prof Copy Info 108 6000100000000000 6000000000000000 4000000 51334123 55931144 55938714 61200174
[0 - 7fcf4e6b8700] {2}{legion_prof}: Prof Copy Info 118 6000100000000000 6000000000000000 4000000 117189116 117214746 117225916 119993056
[0 - 7fcf4e6b8700] {2}{legion_prof}: Prof Copy Info 122 6000100000000000 6000000000000000 4000000 133126945 133148814 133157154 135335021
[0 - 7fcf4e6b8700] {2}{legion_prof}: Prof Copy Info 116 6000100000000000 6000000000000000 4000000 168419569 168442488 168455525 171334365
[0 - 7fcf4e6b8700] {2}{legion_prof}: Prof Copy Info 128 6000100000000000 6000000000000000 4000000 212827222 212853391 212861064 215411051
[0 - 7fcf4e6b8700] {2}{legion_prof}: Prof Copy Info 130 6000100000000000 6000000000000000 4000000 270602500 270626049 270634141 273377643
[0 - 7fcf4e6b8700] {2}{legion_prof}: Prof Copy Info 130 6000100000000000 6000000000000000 4000000 270650848 273202538 273208192 275648381
[0 - 7fcf4e6b8700] {2}{legion_prof}: Prof Copy Info 134 6000100000000000 6000000000000000 4000000 322020260 322051634 322059527 324728263
[0 - 7fcf4e6b8700] {2}{legion_prof}: Prof Inst Info 92 e000000000000010 6000000000000000 4000000 31490874 497234084
[0 - 7fcf4e6b8700] {2}{legion_prof}: Prof Inst Info 16 e000000000000002 6000000000000000 4000000 12015467 497333709
[0 - 7fcf4e6b8700] {2}{legion_prof}: Prof Inst Info 26 e000000000000005 6000000000000000 4000000 15469858 497632900
[0 - 7fcf4e6b8700] {2}{legion_prof}: Prof Inst Info 28 e000000000000006 6000000000000000 4000000 16194592 497710584
[0 - 7fcf4e6b8700] {2}{legion_prof}: Prof Inst Info 30 e000000000000007 6000000000000000 4000000 17108401 497784951
[0 - 7fcf4e6b8700] {2}{legion_prof}: Prof Inst Info 32 e000000000000008 6000000000000000 4000000 18222860 497864483
[0 - 7fcf4e6b8700] {2}{legion_prof}: Prof Inst Info 104 e000000000000014 6000000000000000 4000000 42499051 498099044
[0 - 7fcf4e6b8700] {2}{legion_prof}: Prof Inst Info 40 e00000000000000b 6000000000000000 4000000 21592707 498183813
[0 - 7fcf4e6b8700] {2}{legion_prof}: Prof Inst Info 106 e000000000000016 6000000000000000 4000000 43260867 498309081
[0 - 7fcf4e6b8700] {2}{legion_prof}: Prof Inst Info 46 e00000000000000c 6000000000000000 4000000 22528045 498393066
[0 - 7fcf4e6b8700] {2}{legion_prof}: Prof Inst Info 108 e000000000000018 6000000000000000 4000000 45943317 498518012
[0 - 7fcf4e6b8700] {2}{legion_prof}: Prof Inst Info 50 e00000000000000d 6000000000000000 4000000 24200305 498609095
[0 - 7fcf4e6b8700] {2}{legion_prof}: Prof Inst Info 116 e00000000000001e 6000000000000000 4000000 168297491 499123936
[0 - 7fcf4e6b8700] {2}{legion_prof}: Prof Inst Info 98 e000000000000012 6000000000000000 4000000 32758386 499219653
[0 - 7fcf4e6b8700] {2}{legion_prof}: Prof Inst Info 100 e000000000000013 6000000000000000 4000000 35094433 499298526
[0 - 7fcf4e6b8700] {2}{legion_prof}: Prof Inst Info 118 e00000000000001a 6000000000000000 4000000 117046383 499424964
[0 - 7fcf4e6b8700] {2}{legion_prof}: Prof Inst Info 108 e000000000000019 6000000000000000 4000000 45996615 499626245
[0 - 7fcf4e6b8700] {2}{legion_prof}: Prof Inst Info 122 e00000000000001c 6000000000000000 4000000 133000061 499737434
[0 - 7fcf4e6b8700] {2}{legion_prof}: Prof Inst Info 10 e000000000000000 6000000000000000 4000000 9355540 501039364
[0 - 7fcf4e6b8700] {2}{legion_prof}: Prof Inst Info 12 e000000000000001 6000000000000000 4000000 10477289 501153272
[0 - 7fcf4e6b8700] {2}{legion_prof}: Prof Inst Info 18 e000000000000003 6000000000000000 4000000 12881458 501290206
[0 - 7fcf4e6b8700] {2}{legion_prof}: Prof Inst Info 22 e000000000000004 6000000000000000 4000000 14076196 501397407
[0 - 7fcf4e6b8700] {2}{legion_prof}: Prof Inst Info 34 e000000000000009 6000000000000000 4000000 19414032 501495723
[0 - 7fcf4e6b8700] {2}{legion_prof}: Prof Inst Info 36 e00000000000000a 6000000000000000 4000000 20070322 501610486
[0 - 7fcf4e6b8700] {2}{legion_prof}: Prof Inst Info 52 e00000000000000e 6000000000000000 4000000 24928295 501841124
[0 - 7fcf4e6b8700] {2}{legion_prof}: Prof Inst Info 92 e000000000000011 6000000000000000 4000000 31568813 501988416
[0 - 7fcf4e6b8700] {2}{legion_prof}: Prof Inst Info 104 e000000000000015 6000000000000000 4000000 42553082 502188978
[0 - 7fcf4e6b8700] {2}{legion_prof}: Prof Inst Info 106 e000000000000017 6000000000000000 4000000 43311617 502296510
[0 - 7fcf4e6b8700] {2}{legion_prof}: Prof Inst Info 134 e000000000000025 6000000000000000 4000000 321859952 502637668
[0 - 7fcf4e6b8700] {2}{legion_prof}: Prof Inst Info 122 e00000000000001d 6000000000000000 4000000 133044607 502735399
[0 - 7fcf4e6b8700] {2}{legion_prof}: Prof Inst Info 130 e000000000000022 6000000000000000 4000000 270432086 502869035
[0 - 7fcf4e6b8700] {2}{legion_prof}: Prof Inst Info 130 e000000000000023 6000000000000000 4000000 270477580 502940024
[0 - 7fcf4e6b8700] {2}{legion_prof}: Prof Inst Info 130 e000000000000024 6000000000000000 4000000 270520897 503019732
[0 - 7fcf4e6b8700] {2}{legion_prof}: Prof Inst Info 128 e000000000000020 6000000000000000 4000000 212698489 503130064
[0 - 7fcf4e6b8700] {2}{legion_prof}: Prof Inst Info 118 e00000000000001b 6000000000000000 4000000 117092559 503927649
[0 - 7fcf4e6b8700] {2}{legion_prof}: Prof Inst Info 128 e000000000000021 6000000000000000 4000000 212750131 504578559
[0 - 7fcf4e6b8700] {2}{legion_prof}: Prof Inst Info 56 e00000000000000f 6000000000000000 4000000 27498141 504632897
[0 - 7fcf4e6b8700] {2}{legion_prof}: Prof Inst Info 116 e00000000000001f 6000000000000000 4000000 168346331 504791998
[0 - 7fcf4e6b8700] {2}{legion_prof}: Prof Inst Info 134 e000000000000026 6000000000000000 4000000 321904419 505064064
[0 - 7fcf4e6b8700] {2}{legion_prof}: Prof Task Kind 0 unnamed_task_0
[0 - 7fcf4e6b8700] {2}{legion_prof}: Prof Task Kind 0 top_level
[0 - 7fcf4e6b8700] {2}{legion_prof}: Prof Task Kind 2 unnamed_task_2
[0 - 7fcf4e6b8700] {2}{legion_prof}: Prof Task Kind 2 display_task
[0 - 7fcf4e6b8700] {2}{legion_prof}: Prof Task Kind 1 unnamed_task_1
[0 - 7fcf4e6b8700] {2}{legion_prof}: Prof Task Kind 1 create_task
[0 - 7fcf4e6b8700] {2}{legion_prof}: Prof Task Kind 3 unnamed_task_3
[0 - 7fcf4e6b8700] {2}{legion_prof}: Prof Task Kind 3 combine_task
[0 - 7fcf4e6b8700] {2}{legion_prof}: Prof Task Kind 4 unnamed_task_4
[0 - 7fcf4e6b8700] {2}{legion_prof}: Prof Task Kind 4 create_interface_task
[0 - 7fcf4e6b8700] {2}{legion_prof}: Prof Task Kind 5 unnamed_task_5
[0 - 7fcf4e6b8700] {2}{legion_prof}: Prof Task Kind 5 cpu_draw_task
[0 - 7fcf4e6b8700] {2}{legion_prof}: Prof Task Variant 0 8 unnamed_variant_8
[0 - 7fcf4e6b8700] {2}{legion_prof}: Prof Task Variant 2 9 unnamed_variant_9
[0 - 7fcf4e6b8700] {2}{legion_prof}: Prof Task Variant 1 10 unnamed_variant_10
[0 - 7fcf4e6b8700] {2}{legion_prof}: Prof Task Variant 3 11 unnamed_variant_11
[0 - 7fcf4e6b8700] {2}{legion_prof}: Prof Task Variant 4 12 unnamed_variant_12
[0 - 7fcf4e6b8700] {2}{legion_prof}: Prof Task Variant 5 13 unnamed_variant_13
[0 - 7fcf4e6b8700] {2}{legion_prof}: Prof Operation 2 25
[0 - 7fcf4e6b8700] {2}{legion_prof}: Prof Operation 4 25
[0 - 7fcf4e6b8700] {2}{legion_prof}: Prof Operation 6 25
[0 - 7fcf4e6b8700] {2}{legion_prof}: Prof Operation 8 25
[0 - 7fcf4e6b8700] {2}{legion_prof}: Prof Operation 10 25
[0 - 7fcf4e6b8700] {2}{legion_prof}: Prof Operation 12 25
[0 - 7fcf4e6b8700] {2}{legion_prof}: Prof Operation 14 25
[0 - 7fcf4e6b8700] {2}{legion_prof}: Prof Operation 16 25
[0 - 7fcf4e6b8700] {2}{legion_prof}: Prof Operation 18 25
[0 - 7fcf4e6b8700] {2}{legion_prof}: Prof Operation 20 25
[0 - 7fcf4e6b8700] {2}{legion_prof}: Prof Operation 22 25
[0 - 7fcf4e6b8700] {2}{legion_prof}: Prof Operation 24 25
[0 - 7fcf4e6b8700] {2}{legion_prof}: Prof Operation 26 25
[0 - 7fcf4e6b8700] {2}{legion_prof}: Prof Operation 28 25
[0 - 7fcf4e6b8700] {2}{legion_prof}: Prof Operation 30 25
[0 - 7fcf4e6b8700] {2}{legion_prof}: Prof Operation 32 25
[0 - 7fcf4e6b8700] {2}{legion_prof}: Prof Operation 34 25
[0 - 7fcf4e6b8700] {2}{legion_prof}: Prof Operation 36 25
[0 - 7fcf4e6b8700] {2}{legion_prof}: Prof Operation 38 25
[0 - 7fcf4e6b8700] {2}{legion_prof}: Prof Operation 40 25
[0 - 7fcf4e6b8700] {2}{legion_prof}: Prof Operation 44 25
[0 - 7fcf4e6b8700] {2}{legion_prof}: Prof Operation 46 25
[0 - 7fcf4e6b8700] {2}{legion_prof}: Prof Operation 48 25
[0 - 7fcf4e6b8700] {2}{legion_prof}: Prof Operation 50 25
[0 - 7fcf4e6b8700] {2}{legion_prof}: Prof Operation 52 25
[0 - 7fcf4e6b8700] {2}{legion_prof}: Prof Operation 54 25
[0 - 7fcf4e6b8700] {2}{legion_prof}: Prof Operation 56 25
[0 - 7fcf4e6b8700] {2}{legion_prof}: Prof Operation 88 25
[0 - 7fcf4e6b8700] {2}{legion_prof}: Prof Operation 90 25
[0 - 7fcf4e6b8700] {2}{legion_prof}: Prof Operation 92 25
[0 - 7fcf4e6b8700] {2}{legion_prof}: Prof Operation 94 25
[0 - 7fcf4e6b8700] {2}{legion_prof}: Prof Operation 96 25
[0 - 7fcf4e6b8700] {2}{legion_prof}: Prof Operation 98 25
[0 - 7fcf4e6b8700] {2}{legion_prof}: Prof Operation 100 25
[0 - 7fcf4e6b8700] {2}{legion_prof}: Prof Operation 102 25
[0 - 7fcf4e6b8700] {2}{legion_prof}: Prof Operation 104 25
[0 - 7fcf4e6b8700] {2}{legion_prof}: Prof Operation 106 25
[0 - 7fcf4e6b8700] {2}{legion_prof}: Prof Operation 108 25
[0 - 7fcf4e6b8700] {2}{legion_prof}: Prof Operation 110 25
[0 - 7fcf4e6b8700] {2}{legion_prof}: Prof Operation 112 25
[0 - 7fcf4e6b8700] {2}{legion_prof}: Prof Operation 114 25
[0 - 7fcf4e6b8700] {2}{legion_prof}: Prof Operation 116 25
[0 - 7fcf4e6b8700] {2}{legion_prof}: Prof Operation 118 25
[0 - 7fcf4e6b8700] {2}{legion_prof}: Prof Operation 120 25
[0 - 7fcf4e6b8700] {2}{legion_prof}: Prof Operation 122 25
[0 - 7fcf4e6b8700] {2}{legion_prof}: Prof Operation 124 25
[0 - 7fcf4e6b8700] {2}{legion_prof}: Prof Operation 126 25
[0 - 7fcf4e6b8700] {2}{legion_prof}: Prof Operation 128 25
[0 - 7fcf4e6b8700] {2}{legion_prof}: Prof Operation 130 25
[0 - 7fcf4e6b8700] {2}{legion_prof}: Prof Operation 132 25
[0 - 7fcf4e6b8700] {2}{legion_prof}: Prof Operation 134 25
[0 - 7fcf4e6b8700] {2}{legion_prof}: Prof Operation 136 7
[0 - 7fcf4e6b8700] {2}{legion_prof}: Prof Operation 160 25
[0 - 7fcf4e6b8700] {2}{legion_prof}: Prof Operation 62 7
[0 - 7fcf4e6b8700] {2}{legion_prof}: Prof Operation 64 7
[0 - 7fcf4e6b8700] {2}{legion_prof}: Prof Operation 66 7
[0 - 7fcf4e6b8700] {2}{legion_prof}: Prof Operation 76 7
[0 - 7fcf4e6b8700] {2}{legion_prof}: Prof Operation 80 7
[0 - 7fcf4e6b8700] {2}{legion_prof}: Prof Operation 138 7
[0 - 7fcf4e6b8700] {2}{legion_prof}: Prof Operation 158 7
[0 - 7fcf4e6b8700] {2}{legion_prof}: Prof Operation 72 7
[0 - 7fcf4e6b8700] {2}{legion_prof}: Prof Operation 82 7
[0 - 7fcf4e6b8700] {2}{legion_prof}: Prof Operation 140 7
[0 - 7fcf4e6b8700] {2}{legion_prof}: Prof Operation 144 7
[0 - 7fcf4e6b8700] {2}{legion_prof}: Prof Operation 156 7
[0 - 7fcf4e6b8700] {2}{legion_prof}: Prof Operation 74 7
[0 - 7fcf4e6b8700] {2}{legion_prof}: Prof Operation 42 7
[0 - 7fcf4e6b8700] {2}{legion_prof}: Prof Operation 58 7
[0 - 7fcf4e6b8700] {2}{legion_prof}: Prof Operation 68 7
[0 - 7fcf4e6b8700] {2}{legion_prof}: Prof Operation 86 7
[0 - 7fcf4e6b8700] {2}{legion_prof}: Prof Operation 142 7
[0 - 7fcf4e6b8700] {2}{legion_prof}: Prof Operation 146 7
[0 - 7fcf4e6b8700] {2}{legion_prof}: Prof Operation 152 7
[0 - 7fcf4e6b8700] {2}{legion_prof}: Prof Operation 154 7
[0 - 7fcf4e6b8700] {2}{legion_prof}: Prof Operation 78 7
[0 - 7fcf4e6b8700] {2}{legion_prof}: Prof Operation 60 7
[0 - 7fcf4e6b8700] {2}{legion_prof}: Prof Operation 70 7
[0 - 7fcf4e6b8700] {2}{legion_prof}: Prof Operation 84 7
[0 - 7fcf4e6b8700] {2}{legion_prof}: Prof Operation 148 7
[0 - 7fcf4e6b8700] {2}{legion_prof}: Prof Operation 150 7
